"../../../Engine/Content/EditorResources/S_Actor.ubulk" 0
"../../../Engine/Content/EditorResources/S_Actor.uasset" 1
"../../../Engine/Content/EditorResources/S_Actor.uexp" 2
"../../../Engine/Content/EditorResources/S_BoxReflectionCapture.uasset" 3
"../../../Engine/Content/EditorResources/S_BoxReflectionCapture.uexp" 4
"../../../Engine/Content/EngineResources/DefaultTexture.ubulk" 5
"../../../Engine/Content/EngineResources/DefaultTexture.uasset" 6
"../../../Engine/Content/EngineResources/DefaultTexture.uexp" 7
"../../../Engine/Content/EngineResources/DefaultTextureCube.uasset" 8
"../../../Engine/Content/EngineResources/DefaultTextureCube.uexp" 9
"../../../Engine/Content/EngineResources/DefaultVolumeTexture2D.uasset" 10
"../../../Engine/Content/EngineResources/DefaultVolumeTexture2D.uexp" 11
"../../../Engine/Content/EngineResources/DefaultVolumeTexture.uasset" 12
"../../../Engine/Content/EngineResources/DefaultVolumeTexture.uexp" 13
"../../../Engine/Content/EditorResources/S_Trigger.ubulk" 14
"../../../Engine/Content/EditorResources/S_Trigger.uasset" 15
"../../../Engine/Content/EditorResources/S_Trigger.uexp" 16
"../../../Engine/Content/EditorResources/S_TriggerBox.uasset" 17
"../../../Engine/Content/EditorResources/S_TriggerBox.uexp" 18
"../../../Engine/Content/EditorResources/S_TriggerCapsule.uasset" 19
"../../../Engine/Content/EditorResources/S_TriggerCapsule.uexp" 20
"../../../Engine/Content/EditorResources/S_TriggerSphere.uasset" 21
"../../../Engine/Content/EditorResources/S_TriggerSphere.uexp" 22
"../../../Engine/Content/EngineMeshes/Sphere.ubulk" 23
"../../../Engine/Content/EngineMeshes/Sphere.uasset" 24
"../../../Engine/Content/EngineMeshes/Sphere.uexp" 25
"../../../Engine/Content/EngineResources/GradientTexture0.uasset" 26
"../../../Engine/Content/EngineResources/GradientTexture0.uexp" 27
"../../../Engine/Content/EngineResources/Black.uasset" 28
"../../../Engine/Content/EngineResources/Black.uexp" 29
"../../../Engine/Content/VREditor/LaserPointer/VR_LaserPower_01.ubulk" 30
"../../../Engine/Content/VREditor/LaserPointer/VR_LaserPower_01.uasset" 31
"../../../Engine/Content/VREditor/LaserPointer/VR_LaserPower_01.uexp" 32
"../../../Engine/Content/VREditor/TransformGizmo/TransformGizmoMaterial.uasset" 33
"../../../Engine/Content/VREditor/TransformGizmo/TransformGizmoMaterial.uexp" 34
"../../../Engine/Content/VREditor/TransformGizmo/TranslucentTransformGizmoMaterial.uasset" 35
"../../../Engine/Content/VREditor/TransformGizmo/TranslucentTransformGizmoMaterial.uexp" 36
"../../../Engine/Content/VREditor/TransformGizmo/PlaneTranslationHandle.ubulk" 37
"../../../Engine/Content/VREditor/TransformGizmo/PlaneTranslationHandle.uasset" 38
"../../../Engine/Content/VREditor/TransformGizmo/PlaneTranslationHandle.uexp" 39
"../../../Engine/Content/VREditor/TransformGizmo/BoundingBoxCorner.ubulk" 40
"../../../Engine/Content/VREditor/TransformGizmo/BoundingBoxCorner.uasset" 41
"../../../Engine/Content/VREditor/TransformGizmo/BoundingBoxCorner.uexp" 42
"../../../Engine/Content/VREditor/TransformGizmo/BoundingBoxEdge.ubulk" 43
"../../../Engine/Content/VREditor/TransformGizmo/BoundingBoxEdge.uasset" 44
"../../../Engine/Content/VREditor/TransformGizmo/BoundingBoxEdge.uexp" 45
"../../../Engine/Content/VREditor/TransformGizmo/Main.uasset" 46
"../../../Engine/Content/VREditor/TransformGizmo/Main.uexp" 47
"../../../Engine/Content/VREditor/TransformGizmo/Xray.uasset" 48
"../../../Engine/Content/VREditor/TransformGizmo/Xray.uexp" 49
"../../../Engine/Content/VREditor/TransformGizmo/SM_Sequencer_Node.ubulk" 50
"../../../Engine/Content/VREditor/TransformGizmo/SM_Sequencer_Node.uasset" 51
"../../../Engine/Content/VREditor/TransformGizmo/SM_Sequencer_Node.uexp" 52
"../../../Engine/Content/EditorMaterials/Camera/CineMat.uasset" 53
"../../../Engine/Content/EditorMaterials/Camera/CineMat.uexp" 54
"../../../Engine/Content/EditorMaterials/Camera/MI_CineMat_Rig.uasset" 55
"../../../Engine/Content/EditorMaterials/Camera/MI_CineMat_Rig.uexp" 56
"../../../Engine/Content/EditorMeshes/Camera/SM_CraneRig_Base.ubulk" 57
"../../../Engine/Content/EditorMeshes/Camera/SM_CraneRig_Base.uasset" 58
"../../../Engine/Content/EditorMeshes/Camera/SM_CraneRig_Base.uexp" 59
"../../../Engine/Content/EditorMeshes/Camera/SM_CraneRig_Arm.ubulk" 60
"../../../Engine/Content/EditorMeshes/Camera/SM_CraneRig_Arm.uasset" 61
"../../../Engine/Content/EditorMeshes/Camera/SM_CraneRig_Arm.uexp" 62
"../../../Engine/Content/EditorMeshes/Camera/SM_CraneRig_Mount.ubulk" 63
"../../../Engine/Content/EditorMeshes/Camera/SM_CraneRig_Mount.uasset" 64
"../../../Engine/Content/EditorMeshes/Camera/SM_CraneRig_Mount.uexp" 65
"../../../Engine/Content/EditorMeshes/Camera/SM_CraneRig_Body.ubulk" 66
"../../../Engine/Content/EditorMeshes/Camera/SM_CraneRig_Body.uasset" 67
"../../../Engine/Content/EditorMeshes/Camera/SM_CraneRig_Body.uexp" 68
"../../../Engine/Content/EditorMeshes/Camera/SM_RailRig_Track.ubulk" 69
"../../../Engine/Content/EditorMeshes/Camera/SM_RailRig_Track.uasset" 70
"../../../Engine/Content/EditorMeshes/Camera/SM_RailRig_Track.uexp" 71
"../../../Engine/Content/EditorMeshes/Camera/SM_RailRig_Mount.ubulk" 72
"../../../Engine/Content/EditorMeshes/Camera/SM_RailRig_Mount.uasset" 73
"../../../Engine/Content/EditorMeshes/Camera/SM_RailRig_Mount.uexp" 74
"../../../Engine/Content/EngineMaterials/T_Default_Material_Grid_M.ubulk" 75
"../../../Engine/Content/EngineMaterials/T_Default_Material_Grid_M.uasset" 76
"../../../Engine/Content/EngineMaterials/T_Default_Material_Grid_M.uexp" 77
"../../../Engine/Content/EngineMaterials/T_Default_Material_Grid_N.ubulk" 78
"../../../Engine/Content/EngineMaterials/T_Default_Material_Grid_N.uasset" 79
"../../../Engine/Content/EngineMaterials/T_Default_Material_Grid_N.uexp" 80
"../../../Engine/Content/Functions/Engine_MaterialFunctions01/Opacity/CameraDepthFade.uasset" 81
"../../../Engine/Content/Functions/Engine_MaterialFunctions01/Opacity/CameraDepthFade.uexp" 82
"../../../Engine/Content/EngineMaterials/WorldGridMaterial.uasset" 83
"../../../Engine/Content/EngineMaterials/WorldGridMaterial.uexp" 84
"../../../Engine/Content/ArtTools/RenderToTexture/Meshes/S_1_Unit_Plane.ubulk" 85
"../../../Engine/Content/ArtTools/RenderToTexture/Meshes/S_1_Unit_Plane.uasset" 86
"../../../Engine/Content/ArtTools/RenderToTexture/Meshes/S_1_Unit_Plane.uexp" 87
"../../../Engine/Content/EditorMaterials/ParticleSystems/PSysThumbnail_NoImage.ubulk" 88
"../../../Engine/Content/EditorMaterials/ParticleSystems/PSysThumbnail_NoImage.uasset" 89
"../../../Engine/Content/EditorMaterials/ParticleSystems/PSysThumbnail_NoImage.uexp" 90
"../../../Engine/Content/EditorMaterials/ParticleSystems/PSysThumbnail_OOD.ubulk" 91
"../../../Engine/Content/EditorMaterials/ParticleSystems/PSysThumbnail_OOD.uasset" 92
"../../../Engine/Content/EditorMaterials/ParticleSystems/PSysThumbnail_OOD.uexp" 93
"../../../Engine/Content/EditorLandscapeResources/SplineEditorMeshMat.uasset" 94
"../../../Engine/Content/EditorLandscapeResources/SplineEditorMeshMat.uexp" 95
"../../../Engine/Content/EditorLandscapeResources/SplineEditorMesh.ubulk" 96
"../../../Engine/Content/EditorLandscapeResources/SplineEditorMesh.uasset" 97
"../../../Engine/Content/EditorLandscapeResources/SplineEditorMesh.uexp" 98
"../../../Engine/Content/EditorResources/S_Solver.ubulk" 99
"../../../Engine/Content/EditorResources/S_Solver.uasset" 100
"../../../Engine/Content/EditorResources/S_Solver.uexp" 101
"../../../Engine/Plugins/Media/MediaPlate/Content/SM_MediaPlateScreen.ubulk" 102
"../../../Engine/Plugins/Media/MediaPlate/Content/SM_MediaPlateScreen.uasset" 103
"../../../Engine/Plugins/Media/MediaPlate/Content/SM_MediaPlateScreen.uexp" 104
"../../../Engine/Content/EngineMaterials/Good64x64TilingNoiseHighFreq.uasset" 105
"../../../Engine/Content/EngineMaterials/Good64x64TilingNoiseHighFreq.uexp" 106
"../../../Engine/Content/EngineMaterials/DefaultBokeh.uasset" 107
"../../../Engine/Content/EngineMaterials/DefaultBokeh.uexp" 108
"../../../Engine/Content/EngineMaterials/PreintegratedSkinBRDF.uasset" 109
"../../../Engine/Content/EngineMaterials/PreintegratedSkinBRDF.uexp" 110
"../../../Engine/Content/EngineMaterials/MiniFont.uasset" 111
"../../../Engine/Content/EngineMaterials/MiniFont.uexp" 112
"../../../Engine/Content/EngineMaterials/WeightMapPlaceholderTexture.uasset" 113
"../../../Engine/Content/EngineMaterials/WeightMapPlaceholderTexture.uexp" 114
"../../../Engine/Content/EngineMaterials/DefaultWhiteGrid.ubulk" 115
"../../../Engine/Content/EngineMaterials/DefaultWhiteGrid.uasset" 116
"../../../Engine/Content/EngineMaterials/DefaultWhiteGrid.uexp" 117
"../../../Engine/Content/EngineMaterials/DefaultMaterial.uasset" 118
"../../../Engine/Content/EngineMaterials/DefaultMaterial.uexp" 119
"../../../Engine/Content/BasicShapes/Sphere.ubulk" 120
"../../../Engine/Content/BasicShapes/Sphere.uasset" 121
"../../../Engine/Content/BasicShapes/Sphere.uexp" 122
"../../../Engine/Content/BasicShapes/Plane.ubulk" 123
"../../../Engine/Content/BasicShapes/Plane.uasset" 124
"../../../Engine/Content/BasicShapes/Plane.uexp" 125
"../../../Engine/Content/BasicShapes/Cylinder.ubulk" 126
"../../../Engine/Content/BasicShapes/Cylinder.uasset" 127
"../../../Engine/Content/BasicShapes/Cylinder.uexp" 128
"../../../Engine/Content/BasicShapes/Cone.ubulk" 129
"../../../Engine/Content/BasicShapes/Cone.uasset" 130
"../../../Engine/Content/BasicShapes/Cone.uexp" 131
"../../../Engine/Content/EditorLandscapeResources/DefaultAlphaTexture.uasset" 132
"../../../Engine/Content/EditorLandscapeResources/DefaultAlphaTexture.uexp" 133
"../../../Engine/Content/EditorLandscapeResources/DataLayer.uasset" 134
"../../../Engine/Content/EditorLandscapeResources/DataLayer.uexp" 135
"../../../Engine/Content/EditorMaterials/PreviewShadowIndicator.ubulk" 136
"../../../Engine/Content/EditorMaterials/PreviewShadowIndicator.uasset" 137
"../../../Engine/Content/EditorMaterials/PreviewShadowIndicator.uexp" 138
"../../../Engine/Content/EditorMaterials/PreviewShadowIndicatorMaterial.uasset" 139
"../../../Engine/Content/EditorMaterials/PreviewShadowIndicatorMaterial.uexp" 140
"../../../Engine/Content/EditorMaterials/PhAT_UnselectedMaterial.uasset" 141
"../../../Engine/Content/EditorMaterials/PhAT_UnselectedMaterial.uexp" 142
"../../../Engine/Content/EditorMaterials/PhAT_NoCollisionMaterial.uasset" 143
"../../../Engine/Content/EditorMaterials/PhAT_NoCollisionMaterial.uexp" 144
"../../../Engine/Content/Functions/Engine_MaterialFunctions02/Utility/MakeFloat4.uasset" 145
"../../../Engine/Content/Functions/Engine_MaterialFunctions02/Utility/MakeFloat4.uexp" 146
"../../../Engine/Content/Functions/Engine_MaterialFunctions02/Utility/MakeFloat3.uasset" 147
"../../../Engine/Content/Functions/Engine_MaterialFunctions02/Utility/MakeFloat3.uexp" 148
"../../../Engine/Content/Functions/Engine_MaterialFunctions02/Utility/BreakOutFloat3Components.uasset" 149
"../../../Engine/Content/Functions/Engine_MaterialFunctions02/Utility/BreakOutFloat3Components.uexp" 150
"../../../Engine/Content/EditorMaterials/WorldPartition/WorldPartitionSpatialHashGridPreviewMaterial.uasset" 151
"../../../Engine/Content/EditorMaterials/WorldPartition/WorldPartitionSpatialHashGridPreviewMaterial.uexp" 152
"../../../Engine/Content/EditorResources/S_Terrain.ubulk" 153
"../../../Engine/Content/EditorResources/S_Terrain.uasset" 154
"../../../Engine/Content/EditorResources/S_Terrain.uexp" 155
"../../../Engine/Content/EditorResources/EmptyActor.uasset" 156
"../../../Engine/Content/EditorResources/EmptyActor.uexp" 157
"../../../Engine/Content/EditorResources/BSPVertex.uasset" 158
"../../../Engine/Content/EditorResources/BSPVertex.uexp" 159
"../../../Engine/Content/EditorResources/SequenceRecorder/RecordingIndicator.uasset" 160
"../../../Engine/Content/EditorResources/SequenceRecorder/RecordingIndicator.uexp" 161
"../../../Engine/Content/EditorResources/SequenceRecorder/Countdown.uasset" 162
"../../../Engine/Content/EditorResources/SequenceRecorder/Countdown.uexp" 163
"../../../Engine/Content/EngineDamageTypes/DmgTypeBP_Environmental.uasset" 164
"../../../Engine/Content/EngineDamageTypes/DmgTypeBP_Environmental.uexp" 165
"../../../Engine/Content/Functions/Engine_MaterialFunctions02/Utility/CameraDirectionVector.uasset" 166
"../../../Engine/Content/Functions/Engine_MaterialFunctions02/Utility/CameraDirectionVector.uexp" 167
"../../../Engine/Content/EngineDebugMaterials/VolumeToRender.uasset" 168
"../../../Engine/Content/EngineDebugMaterials/VolumeToRender.uexp" 169
"../../../Engine/Content/EngineDebugMaterials/M_VolumeRenderSphereTracePP.uasset" 170
"../../../Engine/Content/EngineDebugMaterials/M_VolumeRenderSphereTracePP.uexp" 171
"../../../Engine/Content/EngineDebugMaterials/M_SimpleUnlitTranslucent.uasset" 172
"../../../Engine/Content/EngineDebugMaterials/M_SimpleUnlitTranslucent.uexp" 173
"../../../Engine/Content/EngineDebugMaterials/DebugMeshMaterial.uasset" 174
"../../../Engine/Content/EngineDebugMaterials/DebugMeshMaterial.uexp" 175
"../../../Engine/Content/EngineDebugMaterials/DebugEditorMaterial.uasset" 176
"../../../Engine/Content/EngineDebugMaterials/DebugEditorMaterial.uexp" 177
"../../../Engine/Content/EngineFonts/Faces/RobotoLight.uexp" 178
"../../../Engine/Content/EngineFonts/Faces/RobotoLight.uasset" 179
"../../../Engine/Content/EngineFonts/Faces/RobotoLight.ufont" 180
"../../../Engine/Content/EngineFonts/Faces/RobotoBold.uexp" 181
"../../../Engine/Content/EngineFonts/Faces/RobotoBold.uasset" 182
"../../../Engine/Content/EngineFonts/Faces/RobotoBold.ufont" 183
"../../../Engine/Content/EngineFonts/Faces/RobotoRegular.uexp" 184
"../../../Engine/Content/EngineFonts/Faces/RobotoRegular.uasset" 185
"../../../Engine/Content/EngineFonts/Faces/RobotoRegular.ufont" 186
"../../../Engine/Content/EngineFonts/Faces/DroidSansFallback.uexp" 187
"../../../Engine/Content/EngineFonts/Faces/DroidSansFallback.uasset" 188
"../../../Engine/Content/EngineFonts/Faces/DroidSansFallback.ufont" 189
"../../../Engine/Content/EngineFonts/Faces/RobotoItalic.uexp" 190
"../../../Engine/Content/EngineFonts/Faces/RobotoItalic.uasset" 191
"../../../Engine/Content/EngineFonts/Faces/RobotoItalic.ufont" 192
"../../../Engine/Content/EngineFonts/Faces/RobotoBoldItalic.uexp" 193
"../../../Engine/Content/EngineFonts/Faces/RobotoBoldItalic.uasset" 194
"../../../Engine/Content/EngineFonts/Faces/RobotoBoldItalic.ufont" 195
"../../../Engine/Content/EngineFonts/Roboto.uasset" 196
"../../../Engine/Content/EngineFonts/Roboto.uexp" 197
"../../../Engine/Content/EngineResources/WhiteSquareTexture.uasset" 198
"../../../Engine/Content/EngineResources/WhiteSquareTexture.uexp" 199
"../../../Engine/Content/EngineMaterials/Widget3DPassThrough.uasset" 200
"../../../Engine/Content/EngineMaterials/Widget3DPassThrough.uexp" 201
"../../../Engine/Content/EngineMaterials/Widget3DPassThrough_Translucent.uasset" 202
"../../../Engine/Content/EngineMaterials/Widget3DPassThrough_Translucent.uexp" 203
"../../../Engine/Content/EngineMaterials/Widget3DPassThrough_Translucent_OneSided.uasset" 204
"../../../Engine/Content/EngineMaterials/Widget3DPassThrough_Translucent_OneSided.uexp" 205
"../../../Engine/Content/EngineMaterials/Widget3DPassThrough_Opaque.uasset" 206
"../../../Engine/Content/EngineMaterials/Widget3DPassThrough_Opaque.uexp" 207
"../../../Engine/Content/EngineMaterials/Widget3DPassThrough_Opaque_OneSided.uasset" 208
"../../../Engine/Content/EngineMaterials/Widget3DPassThrough_Opaque_OneSided.uexp" 209
"../../../Engine/Content/EngineMaterials/Widget3DPassThrough_Masked_OneSided.uasset" 210
"../../../Engine/Content/EngineMaterials/Widget3DPassThrough_Masked_OneSided.uexp" 211
"../../../Engine/Content/EngineMaterials/Widget3DPassThrough_Masked.uasset" 212
"../../../Engine/Content/EngineMaterials/Widget3DPassThrough_Masked.uexp" 213
"../../../Engine/Content/EngineMaterials/STBlueNoise_vec2_128x128x64.uasset" 214
"../../../Engine/Content/EngineMaterials/STBlueNoise_vec2_128x128x64.uexp" 215
"../../../Engine/Content/EngineMaterials/STBlueNoise_scalar_128x128x64.uasset" 216
"../../../Engine/Content/EngineMaterials/STBlueNoise_scalar_128x128x64.uexp" 217
"../../../Engine/Content/EngineMaterials/RemoveSurfaceMaterial.uasset" 218
"../../../Engine/Content/EngineMaterials/RemoveSurfaceMaterial.uexp" 219
"../../../Engine/Content/EngineMaterials/DefaultCalibrationGrayscale.uasset" 220
"../../../Engine/Content/EngineMaterials/DefaultCalibrationGrayscale.uexp" 221
"../../../Engine/Content/EngineMaterials/PPM_DefaultCalibrationGrayscale.uasset" 222
"../../../Engine/Content/EngineMaterials/PPM_DefaultCalibrationGrayscale.uexp" 223
"../../../Engine/Content/EngineMaterials/DefaultCalibrationColor.uasset" 224
"../../../Engine/Content/EngineMaterials/DefaultCalibrationColor.uexp" 225
"../../../Engine/Content/EngineMaterials/PPM_DefaultCalibrationColor.uasset" 226
"../../../Engine/Content/EngineMaterials/PPM_DefaultCalibrationColor.uexp" 227
"../../../Engine/Content/Functions/Engine_MaterialFunctions02/WorldPositionOffset/CameraOffset.uasset" 228
"../../../Engine/Content/Functions/Engine_MaterialFunctions02/WorldPositionOffset/CameraOffset.uexp" 229
"../../../Engine/Content/EngineMaterials/PhAT_JointLimitMaterial.uasset" 230
"../../../Engine/Content/EngineMaterials/PhAT_JointLimitMaterial.uexp" 231
"../../../Engine/Content/EngineMaterials/InvalidLightmapSettings.ubulk" 232
"../../../Engine/Content/EngineMaterials/InvalidLightmapSettings.uasset" 233
"../../../Engine/Content/EngineMaterials/InvalidLightmapSettings.uexp" 234
"../../../Engine/Content/EngineMaterials/M_InvalidLightmapSettings.uasset" 235
"../../../Engine/Content/EngineMaterials/M_InvalidLightmapSettings.uexp" 236
"../../../Engine/Content/EngineMaterials/GizmoMaterial.uasset" 237
"../../../Engine/Content/EngineMaterials/GizmoMaterial.uexp" 238
"../../../Engine/Content/EngineMaterials/BaseFlattenEmissiveMap_VT.uasset" 239
"../../../Engine/Content/EngineMaterials/BaseFlattenEmissiveMap_VT.uexp" 240
"../../../Engine/Content/EngineMaterials/BaseFlattenGrayscaleMap_VT.uasset" 241
"../../../Engine/Content/EngineMaterials/BaseFlattenGrayscaleMap_VT.uexp" 242
"../../../Engine/Content/EngineMaterials/BaseFlattenLinearColor_VT.uasset" 243
"../../../Engine/Content/EngineMaterials/BaseFlattenLinearColor_VT.uexp" 244
"../../../Engine/Content/EngineMaterials/Black_1x1_EXR_Texture_VT.uasset" 245
"../../../Engine/Content/EngineMaterials/Black_1x1_EXR_Texture_VT.uexp" 246
"../../../Engine/Content/EngineMaterials/BaseFlattenDiffuseMap_VT.uasset" 247
"../../../Engine/Content/EngineMaterials/BaseFlattenDiffuseMap_VT.uexp" 248
"../../../Engine/Content/EngineMaterials/BaseFlattenNormalMap_VT.uasset" 249
"../../../Engine/Content/EngineMaterials/BaseFlattenNormalMap_VT.uexp" 250
"../../../Engine/Content/EngineMaterials/FlattenMaterial_WS_Normal_VT.uasset" 251
"../../../Engine/Content/EngineMaterials/FlattenMaterial_WS_Normal_VT.uexp" 252
"../../../Engine/Content/EngineMaterials/FlattenMaterial_VT.uasset" 253
"../../../Engine/Content/EngineMaterials/FlattenMaterial_VT.uexp" 254
"../../../Engine/Content/EngineMaterials/BaseFlattenNormalMap.uasset" 255
"../../../Engine/Content/EngineMaterials/BaseFlattenNormalMap.uexp" 256
"../../../Engine/Content/EngineMaterials/BaseFlattenGrayscaleMap.uasset" 257
"../../../Engine/Content/EngineMaterials/BaseFlattenGrayscaleMap.uexp" 258
"../../../Engine/Content/EngineMaterials/BaseFlattenDiffuseMap.uasset" 259
"../../../Engine/Content/EngineMaterials/BaseFlattenDiffuseMap.uexp" 260
"../../../Engine/Content/Functions/Engine_MaterialFunctions02/PivotPainter2/Black_1x1_EXR_Texture.uasset" 261
"../../../Engine/Content/Functions/Engine_MaterialFunctions02/PivotPainter2/Black_1x1_EXR_Texture.uexp" 262
"../../../Engine/Content/EngineMaterials/BaseFlattenEmissiveMap.uasset" 263
"../../../Engine/Content/EngineMaterials/BaseFlattenEmissiveMap.uexp" 264
"../../../Engine/Content/EngineMaterials/BaseFlattenLinearColor.uasset" 265
"../../../Engine/Content/EngineMaterials/BaseFlattenLinearColor.uexp" 266
"../../../Engine/Content/EngineMaterials/FlattenMaterial.uasset" 267
"../../../Engine/Content/EngineMaterials/FlattenMaterial.uexp" 268
"../../../Engine/Content/EngineMaterials/DefaultWhiteGrid_Low.uasset" 269
"../../../Engine/Content/EngineMaterials/DefaultWhiteGrid_Low.uexp" 270
"../../../Engine/Content/EngineMaterials/EmissiveMeshMaterial.uasset" 271
"../../../Engine/Content/EngineMaterials/EmissiveMeshMaterial.uexp" 272
"../../../Engine/Content/EngineFonts/RobotoDistanceField.uasset" 273
"../../../Engine/Content/EngineFonts/RobotoDistanceField.uexp" 274
"../../../Engine/Content/EngineMaterials/DefaultTextMaterialOpaque.uasset" 275
"../../../Engine/Content/EngineMaterials/DefaultTextMaterialOpaque.uexp" 276
"../../../Engine/Content/EngineMaterials/DefaultDiffuse.ubulk" 277
"../../../Engine/Content/EngineMaterials/DefaultDiffuse.uasset" 278
"../../../Engine/Content/EngineMaterials/DefaultDiffuse.uexp" 279
"../../../Engine/Content/Functions/Engine_MaterialFunctions02/Utility/BreakOutFloat2Components.uasset" 280
"../../../Engine/Content/Functions/Engine_MaterialFunctions02/Utility/BreakOutFloat2Components.uexp" 281
"../../../Engine/Content/EngineMaterials/DefaultPostProcessMaterial.uasset" 282
"../../../Engine/Content/EngineMaterials/DefaultPostProcessMaterial.uexp" 283
"../../../Engine/Content/EngineMaterials/DefaultPhysicalMaterial.uasset" 284
"../../../Engine/Content/EngineMaterials/DefaultPhysicalMaterial.uexp" 285
"../../../Engine/Content/EngineMaterials/DefaultLightFunctionMaterial.uasset" 286
"../../../Engine/Content/EngineMaterials/DefaultLightFunctionMaterial.uexp" 287
"../../../Engine/Content/EngineMaterials/DefaultDestructiblePhysicalMaterial.uasset" 288
"../../../Engine/Content/EngineMaterials/DefaultDestructiblePhysicalMaterial.uexp" 289
"../../../Engine/Content/EngineMaterials/DefaultDeferredDecalMaterial.uasset" 290
"../../../Engine/Content/EngineMaterials/DefaultDeferredDecalMaterial.uexp" 291
"../../../Engine/Content/EngineMaterials/DefaultBloomKernel.uasset" 292
"../../../Engine/Content/EngineMaterials/DefaultBloomKernel.uexp" 293
"../../../Engine/Content/EngineResources/FilmGrains/Marcie_Grain_v3_128_M2_000.uasset" 294
"../../../Engine/Content/EngineResources/FilmGrains/Marcie_Grain_v3_128_M2_000.uexp" 295
"../../../Engine/Content/EngineSounds/Master.uasset" 296
"../../../Engine/Content/EngineSounds/Master.uexp" 297
"../../../Engine/Content/EngineSky/VolumetricClouds/CloudWeatherTexture.uasset" 298
"../../../Engine/Content/EngineSky/VolumetricClouds/CloudWeatherTexture.uexp" 299
"../../../Engine/Content/Functions/Engine_MaterialFunctions02/Utility/MakeFloat2.uasset" 300
"../../../Engine/Content/Functions/Engine_MaterialFunctions02/Utility/MakeFloat2.uexp" 301
"../../../Engine/Content/EngineSky/VolumetricClouds/CloudGradientTexture.uasset" 302
"../../../Engine/Content/EngineSky/VolumetricClouds/CloudGradientTexture.uexp" 303
"../../../Engine/Content/EngineSky/VolumetricClouds/T_NoiseShape64.ubulk" 304
"../../../Engine/Content/EngineSky/VolumetricClouds/T_NoiseShape64.uasset" 305
"../../../Engine/Content/EngineSky/VolumetricClouds/T_NoiseShape64.uexp" 306
"../../../Engine/Content/EngineSky/VolumetricClouds/T_VolumeNoiseShape64.uasset" 307
"../../../Engine/Content/EngineSky/VolumetricClouds/T_VolumeNoiseShape64.uexp" 308
"../../../Engine/Content/EngineSky/VolumetricClouds/T_NoiseErosion.ubulk" 309
"../../../Engine/Content/EngineSky/VolumetricClouds/T_NoiseErosion.uasset" 310
"../../../Engine/Content/EngineSky/VolumetricClouds/T_NoiseErosion.uexp" 311
"../../../Engine/Content/EngineSky/VolumetricClouds/T_VolumeNoiseErosion32.uasset" 312
"../../../Engine/Content/EngineSky/VolumetricClouds/T_VolumeNoiseErosion32.uexp" 313
"../../../Engine/Content/EngineSky/VolumetricClouds/m_SimpleVolumetricCloud.uasset" 314
"../../../Engine/Content/EngineSky/VolumetricClouds/m_SimpleVolumetricCloud.uexp" 315
"../../../Engine/Content/EngineSky/VolumetricClouds/m_SimpleVolumetricCloud_Inst.uasset" 316
"../../../Engine/Content/EngineSky/VolumetricClouds/m_SimpleVolumetricCloud_Inst.uexp" 317
"../../../Engine/Content/Functions/Engine_MaterialFunctions01/Shading/PowerToRoughness.uasset" 318
"../../../Engine/Content/Functions/Engine_MaterialFunctions01/Shading/PowerToRoughness.uexp" 319
"../../../Engine/Content/MobileResources/HUD/VirtualJoystick_Background.uasset" 320
"../../../Engine/Content/MobileResources/HUD/VirtualJoystick_Background.uexp" 321
"../../../Engine/Content/MobileResources/HUD/VirtualJoystick_Thumb.uasset" 322
"../../../Engine/Content/MobileResources/HUD/VirtualJoystick_Thumb.uexp" 323
"../../../Engine/Content/MobileResources/HUD/DefaultVirtualJoysticks.uasset" 324
"../../../Engine/Content/MobileResources/HUD/DefaultVirtualJoysticks.uexp" 325
"../../../Engine/Plugins/2D/Paper2D/Content/PlaceholderTextures/DummySpriteTexture.ubulk" 326
"../../../Engine/Plugins/2D/Paper2D/Content/PlaceholderTextures/DummySpriteTexture.uasset" 327
"../../../Engine/Plugins/2D/Paper2D/Content/PlaceholderTextures/DummySpriteTexture.uexp" 328
"../../../Engine/Plugins/2D/Paper2D/Content/DefaultSpriteMaterial.uasset" 329
"../../../Engine/Plugins/2D/Paper2D/Content/DefaultSpriteMaterial.uexp" 330
"../../../Engine/Plugins/2D/Paper2D/Content/OpaqueUnlitSpriteMaterial.uasset" 331
"../../../Engine/Plugins/2D/Paper2D/Content/OpaqueUnlitSpriteMaterial.uexp" 332
"../../../Engine/Plugins/2D/Paper2D/Content/MaskedUnlitSpriteMaterial.uasset" 333
"../../../Engine/Plugins/2D/Paper2D/Content/MaskedUnlitSpriteMaterial.uexp" 334
"../../../Engine/Plugins/2D/Paper2D/Content/DummySprite.uasset" 335
"../../../Engine/Plugins/2D/Paper2D/Content/DummySprite.uexp" 336
"../../../Engine/Plugins/2D/Paper2D/Content/DefaultPaperTerrainMaterial.uasset" 337
"../../../Engine/Plugins/2D/Paper2D/Content/DefaultPaperTerrainMaterial.uexp" 338
"../../../Engine/Plugins/Animation/ControlRig/Content/M_Manip.uasset" 339
"../../../Engine/Plugins/Animation/ControlRig/Content/M_Manip.uexp" 340
"../../../Engine/Plugins/Animation/ControlRig/Content/Controls/DefaultGizmoLibraryNormalized.uasset" 341
"../../../Engine/Plugins/Animation/ControlRig/Content/Controls/DefaultGizmoLibraryNormalized.uexp" 342
"../../../Engine/Plugins/Animation/ControlRig/Content/Controls/ControlRig_Wedge_solid.ubulk" 343
"../../../Engine/Plugins/Animation/ControlRig/Content/Controls/ControlRig_Wedge_solid.uasset" 344
"../../../Engine/Plugins/Animation/ControlRig/Content/Controls/ControlRig_Wedge_solid.uexp" 345
"../../../Engine/Plugins/Animation/ControlRig/Content/Controls/ControlRig_Wedge_3mm.ubulk" 346
"../../../Engine/Plugins/Animation/ControlRig/Content/Controls/ControlRig_Wedge_3mm.uasset" 347
"../../../Engine/Plugins/Animation/ControlRig/Content/Controls/ControlRig_Wedge_3mm.uexp" 348
"../../../Engine/Plugins/Animation/ControlRig/Content/Controls/ControlRig_Wedge_1mm.ubulk" 349
"../../../Engine/Plugins/Animation/ControlRig/Content/Controls/ControlRig_Wedge_1mm.uasset" 350
"../../../Engine/Plugins/Animation/ControlRig/Content/Controls/ControlRig_Wedge_1mm.uexp" 351
"../../../Engine/Plugins/Animation/ControlRig/Content/Controls/ControlRig_Triangle_solid.ubulk" 352
"../../../Engine/Plugins/Animation/ControlRig/Content/Controls/ControlRig_Triangle_solid.uasset" 353
"../../../Engine/Plugins/Animation/ControlRig/Content/Controls/ControlRig_Triangle_solid.uexp" 354
"../../../Engine/Plugins/Animation/ControlRig/Content/Controls/ControlRig_Triangle_3mm.ubulk" 355
"../../../Engine/Plugins/Animation/ControlRig/Content/Controls/ControlRig_Triangle_3mm.uasset" 356
"../../../Engine/Plugins/Animation/ControlRig/Content/Controls/ControlRig_Triangle_3mm.uexp" 357
"../../../Engine/Plugins/Animation/ControlRig/Content/Controls/ControlRig_Triangle_1mm.ubulk" 358
"../../../Engine/Plugins/Animation/ControlRig/Content/Controls/ControlRig_Triangle_1mm.uasset" 359
"../../../Engine/Plugins/Animation/ControlRig/Content/Controls/ControlRig_Triangle_1mm.uexp" 360
"../../../Engine/Plugins/Animation/ControlRig/Content/Controls/ControlRig_Star4_solid.ubulk" 361
"../../../Engine/Plugins/Animation/ControlRig/Content/Controls/ControlRig_Star4_solid.uasset" 362
"../../../Engine/Plugins/Animation/ControlRig/Content/Controls/ControlRig_Star4_solid.uexp" 363
"../../../Engine/Plugins/Animation/ControlRig/Content/Controls/ControlRig_Star4_3mm.ubulk" 364
"../../../Engine/Plugins/Animation/ControlRig/Content/Controls/ControlRig_Star4_3mm.uasset" 365
"../../../Engine/Plugins/Animation/ControlRig/Content/Controls/ControlRig_Star4_3mm.uexp" 366
"../../../Engine/Plugins/Animation/ControlRig/Content/Controls/ControlRig_Star4_1mm.ubulk" 367
"../../../Engine/Plugins/Animation/ControlRig/Content/Controls/ControlRig_Star4_1mm.uasset" 368
"../../../Engine/Plugins/Animation/ControlRig/Content/Controls/ControlRig_Star4_1mm.uexp" 369
"../../../Engine/Plugins/Animation/ControlRig/Content/Controls/ControlRig_Square_solid.ubulk" 370
"../../../Engine/Plugins/Animation/ControlRig/Content/Controls/ControlRig_Square_solid.uasset" 371
"../../../Engine/Plugins/Animation/ControlRig/Content/Controls/ControlRig_Square_solid.uexp" 372
"../../../Engine/Plugins/Animation/ControlRig/Content/Controls/ControlRig_Square_3mm.ubulk" 373
"../../../Engine/Plugins/Animation/ControlRig/Content/Controls/ControlRig_Square_3mm.uasset" 374
"../../../Engine/Plugins/Animation/ControlRig/Content/Controls/ControlRig_Square_3mm.uexp" 375
"../../../Engine/Plugins/Animation/ControlRig/Content/Controls/ControlRig_Square_1mm.ubulk" 376
"../../../Engine/Plugins/Animation/ControlRig/Content/Controls/ControlRig_Square_1mm.uasset" 377
"../../../Engine/Plugins/Animation/ControlRig/Content/Controls/ControlRig_Square_1mm.uexp" 378
"../../../Engine/Plugins/Animation/ControlRig/Content/Controls/ControlRig_Sphere_solid.ubulk" 379
"../../../Engine/Plugins/Animation/ControlRig/Content/Controls/ControlRig_Sphere_solid.uasset" 380
"../../../Engine/Plugins/Animation/ControlRig/Content/Controls/ControlRig_Sphere_solid.uexp" 381
"../../../Engine/Plugins/Animation/ControlRig/Content/Controls/ControlRig_Sphere_3mm.ubulk" 382
"../../../Engine/Plugins/Animation/ControlRig/Content/Controls/ControlRig_Sphere_3mm.uasset" 383
"../../../Engine/Plugins/Animation/ControlRig/Content/Controls/ControlRig_Sphere_3mm.uexp" 384
"../../../Engine/Plugins/Animation/ControlRig/Content/Controls/ControlRig_Sphere_1mm.ubulk" 385
"../../../Engine/Plugins/Animation/ControlRig/Content/Controls/ControlRig_Sphere_1mm.uasset" 386
"../../../Engine/Plugins/Animation/ControlRig/Content/Controls/ControlRig_Sphere_1mm.uexp" 387
"../../../Engine/Plugins/Animation/ControlRig/Content/Controls/ControlRig_RoundedTriangle_solid.ubulk" 388
"../../../Engine/Plugins/Animation/ControlRig/Content/Controls/ControlRig_RoundedTriangle_solid.uasset" 389
"../../../Engine/Plugins/Animation/ControlRig/Content/Controls/ControlRig_RoundedTriangle_solid.uexp" 390
"../../../Engine/Plugins/Animation/ControlRig/Content/Controls/ControlRig_RoundedTriangle_3mm.ubulk" 391
"../../../Engine/Plugins/Animation/ControlRig/Content/Controls/ControlRig_RoundedTriangle_3mm.uasset" 392
"../../../Engine/Plugins/Animation/ControlRig/Content/Controls/ControlRig_RoundedTriangle_3mm.uexp" 393
"../../../Engine/Plugins/Animation/ControlRig/Content/Controls/ControlRig_RoundedTriangle_1mm.ubulk" 394
"../../../Engine/Plugins/Animation/ControlRig/Content/Controls/ControlRig_RoundedTriangle_1mm.uasset" 395
"../../../Engine/Plugins/Animation/ControlRig/Content/Controls/ControlRig_RoundedTriangle_1mm.uexp" 396
"../../../Engine/Plugins/Animation/ControlRig/Content/Controls/ControlRig_RoundedSquare_solid.ubulk" 397
"../../../Engine/Plugins/Animation/ControlRig/Content/Controls/ControlRig_RoundedSquare_solid.uasset" 398
"../../../Engine/Plugins/Animation/ControlRig/Content/Controls/ControlRig_RoundedSquare_solid.uexp" 399
"../../../Engine/Plugins/Animation/ControlRig/Content/Controls/ControlRig_RoundedSquare_3mm.ubulk" 400
"../../../Engine/Plugins/Animation/ControlRig/Content/Controls/ControlRig_RoundedSquare_3mm.uasset" 401
"../../../Engine/Plugins/Animation/ControlRig/Content/Controls/ControlRig_RoundedSquare_3mm.uexp" 402
"../../../Engine/Plugins/Animation/ControlRig/Content/Controls/ControlRig_RoundedSquare_1mm.ubulk" 403
"../../../Engine/Plugins/Animation/ControlRig/Content/Controls/ControlRig_RoundedSquare_1mm.uasset" 404
"../../../Engine/Plugins/Animation/ControlRig/Content/Controls/ControlRig_RoundedSquare_1mm.uexp" 405
"../../../Engine/Plugins/Animation/ControlRig/Content/Controls/ControlRig_QuarterCircle_solid.ubulk" 406
"../../../Engine/Plugins/Animation/ControlRig/Content/Controls/ControlRig_QuarterCircle_solid.uasset" 407
"../../../Engine/Plugins/Animation/ControlRig/Content/Controls/ControlRig_QuarterCircle_solid.uexp" 408
"../../../Engine/Plugins/Animation/ControlRig/Content/Controls/ControlRig_QuarterCircle_3mm.ubulk" 409
"../../../Engine/Plugins/Animation/ControlRig/Content/Controls/ControlRig_QuarterCircle_3mm.uasset" 410
"../../../Engine/Plugins/Animation/ControlRig/Content/Controls/ControlRig_QuarterCircle_3mm.uexp" 411
"../../../Engine/Plugins/Animation/ControlRig/Content/Controls/ControlRig_QuarterCircle_1mm.ubulk" 412
"../../../Engine/Plugins/Animation/ControlRig/Content/Controls/ControlRig_QuarterCircle_1mm.uasset" 413
"../../../Engine/Plugins/Animation/ControlRig/Content/Controls/ControlRig_QuarterCircle_1mm.uexp" 414
"../../../Engine/Plugins/Animation/ControlRig/Content/Controls/ControlRig_Pyramid_solid.ubulk" 415
"../../../Engine/Plugins/Animation/ControlRig/Content/Controls/ControlRig_Pyramid_solid.uasset" 416
"../../../Engine/Plugins/Animation/ControlRig/Content/Controls/ControlRig_Pyramid_solid.uexp" 417
"../../../Engine/Plugins/Animation/ControlRig/Content/Controls/ControlRig_Pyramid_3mm.ubulk" 418
"../../../Engine/Plugins/Animation/ControlRig/Content/Controls/ControlRig_Pyramid_3mm.uasset" 419
"../../../Engine/Plugins/Animation/ControlRig/Content/Controls/ControlRig_Pyramid_3mm.uexp" 420
"../../../Engine/Plugins/Animation/ControlRig/Content/Controls/ControlRig_Pyramid_1mm.ubulk" 421
"../../../Engine/Plugins/Animation/ControlRig/Content/Controls/ControlRig_Pyramid_1mm.uasset" 422
"../../../Engine/Plugins/Animation/ControlRig/Content/Controls/ControlRig_Pyramid_1mm.uexp" 423
"../../../Engine/Plugins/Animation/ControlRig/Content/Controls/ControlRig_Octagon_solid.ubulk" 424
"../../../Engine/Plugins/Animation/ControlRig/Content/Controls/ControlRig_Octagon_solid.uasset" 425
"../../../Engine/Plugins/Animation/ControlRig/Content/Controls/ControlRig_Octagon_solid.uexp" 426
"../../../Engine/Plugins/Animation/ControlRig/Content/Controls/ControlRig_Octagon_3mm.ubulk" 427
"../../../Engine/Plugins/Animation/ControlRig/Content/Controls/ControlRig_Octagon_3mm.uasset" 428
"../../../Engine/Plugins/Animation/ControlRig/Content/Controls/ControlRig_Octagon_3mm.uexp" 429
"../../../Engine/Plugins/Animation/ControlRig/Content/Controls/ControlRig_Octagon_1mm.ubulk" 430
"../../../Engine/Plugins/Animation/ControlRig/Content/Controls/ControlRig_Octagon_1mm.uasset" 431
"../../../Engine/Plugins/Animation/ControlRig/Content/Controls/ControlRig_Octagon_1mm.uexp" 432
"../../../Engine/Plugins/Animation/ControlRig/Content/Controls/ControlRig_Hexagon_solid.ubulk" 433
"../../../Engine/Plugins/Animation/ControlRig/Content/Controls/ControlRig_Hexagon_solid.uasset" 434
"../../../Engine/Plugins/Animation/ControlRig/Content/Controls/ControlRig_Hexagon_solid.uexp" 435
"../../../Engine/Plugins/Animation/ControlRig/Content/Controls/ControlRig_Hexagon_3mm.ubulk" 436
"../../../Engine/Plugins/Animation/ControlRig/Content/Controls/ControlRig_Hexagon_3mm.uasset" 437
"../../../Engine/Plugins/Animation/ControlRig/Content/Controls/ControlRig_Hexagon_3mm.uexp" 438
"../../../Engine/Plugins/Animation/ControlRig/Content/Controls/ControlRig_Hexagon_1mm.ubulk" 439
"../../../Engine/Plugins/Animation/ControlRig/Content/Controls/ControlRig_Hexagon_1mm.uasset" 440
"../../../Engine/Plugins/Animation/ControlRig/Content/Controls/ControlRig_Hexagon_1mm.uexp" 441
"../../../Engine/Plugins/Animation/ControlRig/Content/Controls/ControlRig_HalfCircle_solid.ubulk" 442
"../../../Engine/Plugins/Animation/ControlRig/Content/Controls/ControlRig_HalfCircle_solid.uasset" 443
"../../../Engine/Plugins/Animation/ControlRig/Content/Controls/ControlRig_HalfCircle_solid.uexp" 444
"../../../Engine/Plugins/Animation/ControlRig/Content/Controls/ControlRig_HalfCircle_3mm.ubulk" 445
"../../../Engine/Plugins/Animation/ControlRig/Content/Controls/ControlRig_HalfCircle_3mm.uasset" 446
"../../../Engine/Plugins/Animation/ControlRig/Content/Controls/ControlRig_HalfCircle_3mm.uexp" 447
"../../../Engine/Plugins/Animation/ControlRig/Content/Controls/ControlRig_HalfCircle_1mm.ubulk" 448
"../../../Engine/Plugins/Animation/ControlRig/Content/Controls/ControlRig_HalfCircle_1mm.uasset" 449
"../../../Engine/Plugins/Animation/ControlRig/Content/Controls/ControlRig_HalfCircle_1mm.uexp" 450
"../../../Engine/Plugins/Animation/ControlRig/Content/Controls/ControlRig_Diamond_solid.ubulk" 451
"../../../Engine/Plugins/Animation/ControlRig/Content/Controls/ControlRig_Diamond_solid.uasset" 452
"../../../Engine/Plugins/Animation/ControlRig/Content/Controls/ControlRig_Diamond_solid.uexp" 453
"../../../Engine/Plugins/Animation/ControlRig/Content/Controls/ControlRig_Diamond_3mm.ubulk" 454
"../../../Engine/Plugins/Animation/ControlRig/Content/Controls/ControlRig_Diamond_3mm.uasset" 455
"../../../Engine/Plugins/Animation/ControlRig/Content/Controls/ControlRig_Diamond_3mm.uexp" 456
"../../../Engine/Plugins/Animation/ControlRig/Content/Controls/ControlRig_Diamond_1mm.ubulk" 457
"../../../Engine/Plugins/Animation/ControlRig/Content/Controls/ControlRig_Diamond_1mm.uasset" 458
"../../../Engine/Plugins/Animation/ControlRig/Content/Controls/ControlRig_Diamond_1mm.uexp" 459
"../../../Engine/Plugins/Animation/ControlRig/Content/Controls/ControlRig_Circle_solid.ubulk" 460
"../../../Engine/Plugins/Animation/ControlRig/Content/Controls/ControlRig_Circle_solid.uasset" 461
"../../../Engine/Plugins/Animation/ControlRig/Content/Controls/ControlRig_Circle_solid.uexp" 462
"../../../Engine/Plugins/Animation/ControlRig/Content/Controls/ControlRig_Circle_3mm.ubulk" 463
"../../../Engine/Plugins/Animation/ControlRig/Content/Controls/ControlRig_Circle_3mm.uasset" 464
"../../../Engine/Plugins/Animation/ControlRig/Content/Controls/ControlRig_Circle_3mm.uexp" 465
"../../../Engine/Plugins/Animation/ControlRig/Content/Controls/ControlRig_Circle_1mm.ubulk" 466
"../../../Engine/Plugins/Animation/ControlRig/Content/Controls/ControlRig_Circle_1mm.uasset" 467
"../../../Engine/Plugins/Animation/ControlRig/Content/Controls/ControlRig_Circle_1mm.uexp" 468
"../../../Engine/Plugins/Animation/ControlRig/Content/Controls/ControlRig_Box_solid.ubulk" 469
"../../../Engine/Plugins/Animation/ControlRig/Content/Controls/ControlRig_Box_solid.uasset" 470
"../../../Engine/Plugins/Animation/ControlRig/Content/Controls/ControlRig_Box_solid.uexp" 471
"../../../Engine/Plugins/Animation/ControlRig/Content/Controls/ControlRig_Box_3mm.ubulk" 472
"../../../Engine/Plugins/Animation/ControlRig/Content/Controls/ControlRig_Box_3mm.uasset" 473
"../../../Engine/Plugins/Animation/ControlRig/Content/Controls/ControlRig_Box_3mm.uexp" 474
"../../../Engine/Plugins/Animation/ControlRig/Content/Controls/ControlRig_Box_1mm.ubulk" 475
"../../../Engine/Plugins/Animation/ControlRig/Content/Controls/ControlRig_Box_1mm.uasset" 476
"../../../Engine/Plugins/Animation/ControlRig/Content/Controls/ControlRig_Box_1mm.uexp" 477
"../../../Engine/Plugins/Animation/ControlRig/Content/Controls/ControlRig_Arrow_solid.ubulk" 478
"../../../Engine/Plugins/Animation/ControlRig/Content/Controls/ControlRig_Arrow_solid.uasset" 479
"../../../Engine/Plugins/Animation/ControlRig/Content/Controls/ControlRig_Arrow_solid.uexp" 480
"../../../Engine/Plugins/Animation/ControlRig/Content/Controls/ControlRig_Arrow_3mm.ubulk" 481
"../../../Engine/Plugins/Animation/ControlRig/Content/Controls/ControlRig_Arrow_3mm.uasset" 482
"../../../Engine/Plugins/Animation/ControlRig/Content/Controls/ControlRig_Arrow_3mm.uexp" 483
"../../../Engine/Plugins/Animation/ControlRig/Content/Controls/ControlRig_Arrow_1mm.ubulk" 484
"../../../Engine/Plugins/Animation/ControlRig/Content/Controls/ControlRig_Arrow_1mm.uasset" 485
"../../../Engine/Plugins/Animation/ControlRig/Content/Controls/ControlRig_Arrow_1mm.uexp" 486
"../../../Engine/Plugins/Animation/ControlRig/Content/Controls/ControlRig_Arrow4_solid.ubulk" 487
"../../../Engine/Plugins/Animation/ControlRig/Content/Controls/ControlRig_Arrow4_solid.uasset" 488
"../../../Engine/Plugins/Animation/ControlRig/Content/Controls/ControlRig_Arrow4_solid.uexp" 489
"../../../Engine/Plugins/Animation/ControlRig/Content/Controls/ControlRig_Arrow4_3mm.ubulk" 490
"../../../Engine/Plugins/Animation/ControlRig/Content/Controls/ControlRig_Arrow4_3mm.uasset" 491
"../../../Engine/Plugins/Animation/ControlRig/Content/Controls/ControlRig_Arrow4_3mm.uexp" 492
"../../../Engine/Plugins/Animation/ControlRig/Content/Controls/ControlRig_Arrow4_1mm.ubulk" 493
"../../../Engine/Plugins/Animation/ControlRig/Content/Controls/ControlRig_Arrow4_1mm.uasset" 494
"../../../Engine/Plugins/Animation/ControlRig/Content/Controls/ControlRig_Arrow4_1mm.uexp" 495
"../../../Engine/Plugins/Animation/ControlRig/Content/Controls/ControlRig_Arrow2_solid.ubulk" 496
"../../../Engine/Plugins/Animation/ControlRig/Content/Controls/ControlRig_Arrow2_solid.uasset" 497
"../../../Engine/Plugins/Animation/ControlRig/Content/Controls/ControlRig_Arrow2_solid.uexp" 498
"../../../Engine/Plugins/Animation/ControlRig/Content/Controls/ControlRig_Arrow2_3mm.ubulk" 499
"../../../Engine/Plugins/Animation/ControlRig/Content/Controls/ControlRig_Arrow2_3mm.uasset" 500
"../../../Engine/Plugins/Animation/ControlRig/Content/Controls/ControlRig_Arrow2_3mm.uexp" 501
"../../../Engine/Plugins/Animation/ControlRig/Content/Controls/ControlRig_Arrow2_1mm.ubulk" 502
"../../../Engine/Plugins/Animation/ControlRig/Content/Controls/ControlRig_Arrow2_1mm.uasset" 503
"../../../Engine/Plugins/Animation/ControlRig/Content/Controls/ControlRig_Arrow2_1mm.uexp" 504
"../../../Engine/Plugins/Animation/ControlRig/Content/Controls/ControlRigXRayMaterial.uasset" 505
"../../../Engine/Plugins/Animation/ControlRig/Content/Controls/ControlRigXRayMaterial.uexp" 506
"../../../Engine/Plugins/Animation/ControlRig/Content/Controls/ControlRigGizmoMaterial.uasset" 507
"../../../Engine/Plugins/Animation/ControlRig/Content/Controls/ControlRigGizmoMaterial.uexp" 508
"../../../Engine/Plugins/Editor/SpeedTreeImporter/Content/SpeedTree9/game_wind_noise.ubulk" 509
"../../../Engine/Plugins/Editor/SpeedTreeImporter/Content/SpeedTree9/game_wind_noise.uasset" 510
"../../../Engine/Plugins/Editor/SpeedTreeImporter/Content/SpeedTree9/game_wind_noise.uexp" 511
"../../../Engine/Plugins/Editor/SpeedTreeImporter/Content/SpeedTree9/UnpackDirection.uasset" 512
"../../../Engine/Plugins/Editor/SpeedTreeImporter/Content/SpeedTree9/UnpackDirection.uexp" 513
"../../../Engine/Content/Functions/Engine_MaterialFunctions02/ObjectLocalBounds.uasset" 514
"../../../Engine/Content/Functions/Engine_MaterialFunctions02/ObjectLocalBounds.uexp" 515
"../../../Engine/Content/Functions/Engine_MaterialFunctions02/UVs/BoundingBoxBased_0-1_UVW.uasset" 516
"../../../Engine/Content/Functions/Engine_MaterialFunctions02/UVs/BoundingBoxBased_0-1_UVW.uexp" 517
"../../../Engine/Content/Functions/Engine_MaterialFunctions02/Utility/VectorLength.uasset" 518
"../../../Engine/Content/Functions/Engine_MaterialFunctions02/Utility/VectorLength.uexp" 519
"../../../Engine/Plugins/Editor/SpeedTreeImporter/Content/SpeedTree9/UnpackInteger3.uasset" 520
"../../../Engine/Plugins/Editor/SpeedTreeImporter/Content/SpeedTree9/UnpackInteger3.uexp" 521
"../../../Engine/Plugins/Editor/SpeedTreeImporter/Content/SpeedTree9/SpeedTreeCameraFacing.uasset" 522
"../../../Engine/Plugins/Editor/SpeedTreeImporter/Content/SpeedTree9/SpeedTreeCameraFacing.uexp" 523
"../../../Engine/Content/Functions/Engine_MaterialFunctions02/WorldPositionOffset/ObjectScale.uasset" 524
"../../../Engine/Content/Functions/Engine_MaterialFunctions02/WorldPositionOffset/ObjectScale.uexp" 525
"../../../Engine/Content/Functions/Engine_MaterialFunctions02/SafeNormalize.uasset" 526
"../../../Engine/Content/Functions/Engine_MaterialFunctions02/SafeNormalize.uexp" 527
"../../../Engine/Plugins/Editor/SpeedTreeImporter/Content/SpeedTree9/SpeedTreeWindMotion.uasset" 528
"../../../Engine/Plugins/Editor/SpeedTreeImporter/Content/SpeedTree9/SpeedTreeWindMotion.uexp" 529
"../../../Engine/Plugins/Editor/SpeedTreeImporter/Content/SpeedTree9/SpeedTreeBranchMotion.uasset" 530
"../../../Engine/Plugins/Editor/SpeedTreeImporter/Content/SpeedTree9/SpeedTreeBranchMotion.uexp" 531
"../../../Engine/Plugins/Editor/SpeedTreeImporter/Content/SpeedTree9/SpeedTreeWind.uasset" 532
"../../../Engine/Plugins/Editor/SpeedTreeImporter/Content/SpeedTree9/SpeedTreeWind.uexp" 533
"../../../Engine/Plugins/Editor/SpeedTreeImporter/Content/SpeedTree9/EmptyNormal.uasset" 534
"../../../Engine/Plugins/Editor/SpeedTreeImporter/Content/SpeedTree9/EmptyNormal.uexp" 535
"../../../Engine/Plugins/Editor/SpeedTreeImporter/Content/SpeedTree9/Empty.uasset" 536
"../../../Engine/Plugins/Editor/SpeedTreeImporter/Content/SpeedTree9/Empty.uexp" 537
"../../../Engine/Plugins/Editor/SpeedTreeImporter/Content/SpeedTree9/SpeedTreeMaster.uasset" 538
"../../../Engine/Plugins/Editor/SpeedTreeImporter/Content/SpeedTree9/SpeedTreeMaster.uexp" 539
"../../../Engine/Plugins/Editor/SpeedTreeImporter/Content/SpeedTree9/SpeedTreeBillboard.uasset" 540
"../../../Engine/Plugins/Editor/SpeedTreeImporter/Content/SpeedTree9/SpeedTreeBillboard.uexp" 541
"../../../Engine/Plugins/Editor/SpeedTreeImporter/Content/SpeedTree9/SpeedTreeBillboardMaster.uasset" 542
"../../../Engine/Plugins/Editor/SpeedTreeImporter/Content/SpeedTree9/SpeedTreeBillboardMaster.uexp" 543
"../../../Engine/Content/Functions/Engine_MaterialFunctions02/Texturing/CustomRotator.uasset" 544
"../../../Engine/Content/Functions/Engine_MaterialFunctions02/Texturing/CustomRotator.uexp" 545
"../../../Engine/Content/Functions/Engine_MaterialFunctions02/Texturing/ScreenAlignedPixelToPixelUVs.uasset" 546
"../../../Engine/Content/Functions/Engine_MaterialFunctions02/Texturing/ScreenAlignedPixelToPixelUVs.uexp" 547
"../../../Engine/Plugins/Interchange/Runtime/Content/Utilities/T_Bayer64_Grayscale_64px.uasset" 548
"../../../Engine/Plugins/Interchange/Runtime/Content/Utilities/T_Bayer64_Grayscale_64px.uexp" 549
"../../../Engine/Plugins/Interchange/Runtime/Content/gltf/MaterialFunctions/MF_Temporal_Blur.uasset" 550
"../../../Engine/Plugins/Interchange/Runtime/Content/gltf/MaterialFunctions/MF_Temporal_Blur.uexp" 551
"../../../Engine/Plugins/Interchange/Runtime/Content/gltf/MaterialFunctions/MF_Fresnel_DS.uasset" 552
"../../../Engine/Plugins/Interchange/Runtime/Content/gltf/MaterialFunctions/MF_Fresnel_DS.uexp" 553
"../../../Engine/Plugins/Interchange/Runtime/Content/Functions/MX_Transmission.uasset" 554
"../../../Engine/Plugins/Interchange/Runtime/Content/Functions/MX_Transmission.uexp" 555
"../../../Engine/Plugins/Interchange/Runtime/Content/Functions/MF_OrenNayerView.uasset" 556
"../../../Engine/Plugins/Interchange/Runtime/Content/Functions/MF_OrenNayerView.uexp" 557
"../../../Engine/Plugins/Interchange/Runtime/Content/Functions/MF_SchlickApprox.uasset" 558
"../../../Engine/Plugins/Interchange/Runtime/Content/Functions/MF_SchlickApprox.uexp" 559
"../../../Engine/Plugins/Interchange/Runtime/Content/Utilities/New_LUT.uasset" 560
"../../../Engine/Plugins/Interchange/Runtime/Content/Utilities/New_LUT.uexp" 561
"../../../Engine/Content/Functions/Engine_MaterialFunctions03/Math/RemapValueRange.uasset" 562
"../../../Engine/Content/Functions/Engine_MaterialFunctions03/Math/RemapValueRange.uexp" 563
"../../../Engine/Plugins/Interchange/Runtime/Content/Functions/MF_Iridescence.uasset" 564
"../../../Engine/Plugins/Interchange/Runtime/Content/Functions/MF_Iridescence.uexp" 565
"../../../Engine/Plugins/Interchange/Runtime/Content/Functions/MX_StandardSurface.uasset" 566
"../../../Engine/Plugins/Interchange/Runtime/Content/Functions/MX_StandardSurface.uexp" 567
"../../../Engine/Plugins/Interchange/Runtime/Content/Functions/MX_TransmissionSurface.uasset" 568
"../../../Engine/Plugins/Interchange/Runtime/Content/Functions/MX_TransmissionSurface.uexp" 569
"../../../Engine/Content/Functions/Engine_MaterialFunctions02/Math/AddComponents.uasset" 570
"../../../Engine/Content/Functions/Engine_MaterialFunctions02/Math/AddComponents.uexp" 571
"../../../Engine/Content/Functions/Engine_MaterialFunctions02/WorldPositionOffset/V2/ObjectScale.uasset" 572
"../../../Engine/Content/Functions/Engine_MaterialFunctions02/WorldPositionOffset/V2/ObjectScale.uexp" 573
"../../../Engine/Plugins/Interchange/Runtime/Content/gltf/MaterialFunctions/MF_TransmissionOpacity.uasset" 574
"../../../Engine/Plugins/Interchange/Runtime/Content/gltf/MaterialFunctions/MF_TransmissionOpacity.uexp" 575
"../../../Engine/Plugins/Interchange/Runtime/Content/gltf/MaterialFunctions/MF_RotateV2.uasset" 576
"../../../Engine/Plugins/Interchange/Runtime/Content/gltf/MaterialFunctions/MF_RotateV2.uexp" 577
"../../../Engine/Plugins/Interchange/Runtime/Content/gltf/MaterialFunctions/MF_TransformUVs.uasset" 578
"../../../Engine/Plugins/Interchange/Runtime/Content/gltf/MaterialFunctions/MF_TransformUVs.uexp" 579
"../../../Engine/Plugins/Interchange/Runtime/Content/gltf/Textures/T_White_srgb.uasset" 580
"../../../Engine/Plugins/Interchange/Runtime/Content/gltf/Textures/T_White_srgb.uexp" 581
"../../../Engine/Plugins/Interchange/Runtime/Content/gltf/MaterialFunctions/MF_BaseColor.uasset" 582
"../../../Engine/Plugins/Interchange/Runtime/Content/gltf/MaterialFunctions/MF_BaseColor.uexp" 583
"../../../Engine/Plugins/Interchange/Runtime/Content/gltf/MaterialFunctions/MF_DiffuseSpecGloss.uasset" 584
"../../../Engine/Plugins/Interchange/Runtime/Content/gltf/MaterialFunctions/MF_DiffuseSpecGloss.uexp" 585
"../../../Engine/Plugins/Interchange/Runtime/Content/gltf/Textures/T_White_Linear.uasset" 586
"../../../Engine/Plugins/Interchange/Runtime/Content/gltf/Textures/T_White_Linear.uexp" 587
"../../../Engine/Plugins/Interchange/Runtime/Content/gltf/MaterialFunctions/MF_MetallicRoughness.uasset" 588
"../../../Engine/Plugins/Interchange/Runtime/Content/gltf/MaterialFunctions/MF_MetallicRoughness.uexp" 589
"../../../Engine/Plugins/Interchange/Runtime/Content/gltf/MaterialFunctions/MF_Transmission.uasset" 590
"../../../Engine/Plugins/Interchange/Runtime/Content/gltf/MaterialFunctions/MF_Transmission.uexp" 591
"../../../Engine/Plugins/Interchange/Runtime/Content/gltf/MaterialFunctions/MF_Occlusion.uasset" 592
"../../../Engine/Plugins/Interchange/Runtime/Content/gltf/MaterialFunctions/MF_Occlusion.uexp" 593
"../../../Engine/Plugins/Interchange/Runtime/Content/gltf/MaterialFunctions/MF_Specular.uasset" 594
"../../../Engine/Plugins/Interchange/Runtime/Content/gltf/MaterialFunctions/MF_Specular.uexp" 595
"../../../Engine/Plugins/Interchange/Runtime/Content/gltf/MaterialFunctions/MF_IOR.uasset" 596
"../../../Engine/Plugins/Interchange/Runtime/Content/gltf/MaterialFunctions/MF_IOR.uexp" 597
"../../../Engine/Content/Functions/Engine_MaterialFunctions01/Texturing/FlattenNormal.uasset" 598
"../../../Engine/Content/Functions/Engine_MaterialFunctions01/Texturing/FlattenNormal.uexp" 599
"../../../Engine/Content/Functions/Engine_MaterialFunctions02/Math/Transform3x3Matrix.uasset" 600
"../../../Engine/Content/Functions/Engine_MaterialFunctions02/Math/Transform3x3Matrix.uexp" 601
"../../../Engine/Plugins/Interchange/Runtime/Content/gltf/MaterialFunctions/MF_RotateNormals_TS.uasset" 602
"../../../Engine/Plugins/Interchange/Runtime/Content/gltf/MaterialFunctions/MF_RotateNormals_TS.uexp" 603
"../../../Engine/Plugins/Interchange/Runtime/Content/gltf/Textures/T_Generic_N.uasset" 604
"../../../Engine/Plugins/Interchange/Runtime/Content/gltf/Textures/T_Generic_N.uexp" 605
"../../../Engine/Plugins/Interchange/Runtime/Content/gltf/MaterialFunctions/MF_Normals.uasset" 606
"../../../Engine/Plugins/Interchange/Runtime/Content/gltf/MaterialFunctions/MF_Normals.uexp" 607
"../../../Engine/Plugins/Interchange/Runtime/Content/gltf/MaterialFunctions/MF_PerceivedBrightness.uasset" 608
"../../../Engine/Plugins/Interchange/Runtime/Content/gltf/MaterialFunctions/MF_PerceivedBrightness.uexp" 609
"../../../Engine/Plugins/Interchange/Runtime/Content/gltf/MaterialFunctions/MF_SpecGlossToMetalRoughness.uasset" 610
"../../../Engine/Plugins/Interchange/Runtime/Content/gltf/MaterialFunctions/MF_SpecGlossToMetalRoughness.uexp" 611
"../../../Engine/Plugins/Interchange/Runtime/Content/gltf/M_Transmission.uasset" 612
"../../../Engine/Plugins/Interchange/Runtime/Content/gltf/M_Transmission.uexp" 613
"../../../Engine/Plugins/Interchange/Runtime/Content/gltf/MaterialInstances_SG/MI_Transmission_TS.uasset" 614
"../../../Engine/Plugins/Interchange/Runtime/Content/gltf/MaterialInstances_SG/MI_Transmission_TS.uexp" 615
"../../../Engine/Plugins/Interchange/Runtime/Content/gltf/MaterialInstances_SG/MI_Transmission.uasset" 616
"../../../Engine/Plugins/Interchange/Runtime/Content/gltf/MaterialInstances_SG/MI_Transmission.uexp" 617
"../../../Engine/Plugins/Interchange/Runtime/Content/gltf/MaterialFunctions/MF_Clearcoat.uasset" 618
"../../../Engine/Plugins/Interchange/Runtime/Content/gltf/MaterialFunctions/MF_Clearcoat.uexp" 619
"../../../Engine/Plugins/Interchange/Runtime/Content/gltf/MaterialFunctions/MF_Emissive.uasset" 620
"../../../Engine/Plugins/Interchange/Runtime/Content/gltf/MaterialFunctions/MF_Emissive.uexp" 621
"../../../Engine/Plugins/Interchange/Runtime/Content/gltf/M_Translucent.uasset" 622
"../../../Engine/Plugins/Interchange/Runtime/Content/gltf/M_Translucent.uexp" 623
"../../../Engine/Plugins/Interchange/Runtime/Content/gltf/MaterialInstances_SG/MI_Translucent_TS.uasset" 624
"../../../Engine/Plugins/Interchange/Runtime/Content/gltf/MaterialInstances_SG/MI_Translucent_TS.uexp" 625
"../../../Engine/Plugins/Interchange/Runtime/Content/gltf/MaterialInstances_SG/MI_Translucent_ClearCoat_TS.uasset" 626
"../../../Engine/Plugins/Interchange/Runtime/Content/gltf/MaterialInstances_SG/MI_Translucent_ClearCoat_TS.uexp" 627
"../../../Engine/Plugins/Interchange/Runtime/Content/gltf/MaterialInstances_SG/MI_Translucent_ClearCoat.uasset" 628
"../../../Engine/Plugins/Interchange/Runtime/Content/gltf/MaterialInstances_SG/MI_Translucent_ClearCoat.uexp" 629
"../../../Engine/Plugins/Interchange/Runtime/Content/gltf/MaterialInstances_SG/MI_Translucent.uasset" 630
"../../../Engine/Plugins/Interchange/Runtime/Content/gltf/MaterialInstances_SG/MI_Translucent.uexp" 631
"../../../Engine/Plugins/Interchange/Runtime/Content/gltf/M_Opaque.uasset" 632
"../../../Engine/Plugins/Interchange/Runtime/Content/gltf/M_Opaque.uexp" 633
"../../../Engine/Plugins/Interchange/Runtime/Content/gltf/MaterialInstances_SG/MI_Opaque_TS.uasset" 634
"../../../Engine/Plugins/Interchange/Runtime/Content/gltf/MaterialInstances_SG/MI_Opaque_TS.uexp" 635
"../../../Engine/Plugins/Interchange/Runtime/Content/gltf/MaterialFunctions/MF_Sheen.uasset" 636
"../../../Engine/Plugins/Interchange/Runtime/Content/gltf/MaterialFunctions/MF_Sheen.uexp" 637
"../../../Engine/Content/Functions/Engine_MaterialFunctions01/Shading/FuzzyShading.uasset" 638
"../../../Engine/Content/Functions/Engine_MaterialFunctions01/Shading/FuzzyShading.uexp" 639
"../../../Engine/Plugins/Interchange/Runtime/Content/gltf/M_Sheen.uasset" 640
"../../../Engine/Plugins/Interchange/Runtime/Content/gltf/M_Sheen.uexp" 641
"../../../Engine/Plugins/Interchange/Runtime/Content/gltf/MaterialInstances_SG/MI_Opaque_Sheen_TS.uasset" 642
"../../../Engine/Plugins/Interchange/Runtime/Content/gltf/MaterialInstances_SG/MI_Opaque_Sheen_TS.uexp" 643
"../../../Engine/Plugins/Interchange/Runtime/Content/gltf/MaterialInstances_SG/MI_Opaque_Sheen.uasset" 644
"../../../Engine/Plugins/Interchange/Runtime/Content/gltf/MaterialInstances_SG/MI_Opaque_Sheen.uexp" 645
"../../../Engine/Plugins/Interchange/Runtime/Content/gltf/MaterialInstances_SG/MI_Opaque_ClearCoat_TS.uasset" 646
"../../../Engine/Plugins/Interchange/Runtime/Content/gltf/MaterialInstances_SG/MI_Opaque_ClearCoat_TS.uexp" 647
"../../../Engine/Plugins/Interchange/Runtime/Content/gltf/MaterialInstances_SG/MI_Opaque_ClearCoat.uasset" 648
"../../../Engine/Plugins/Interchange/Runtime/Content/gltf/MaterialInstances_SG/MI_Opaque_ClearCoat.uexp" 649
"../../../Engine/Plugins/Interchange/Runtime/Content/gltf/MaterialInstances_SG/MI_Opaque.uasset" 650
"../../../Engine/Plugins/Interchange/Runtime/Content/gltf/MaterialInstances_SG/MI_Opaque.uexp" 651
"../../../Engine/Plugins/Interchange/Runtime/Content/gltf/MaterialInstances_MR/MI_Transmission_TS.uasset" 652
"../../../Engine/Plugins/Interchange/Runtime/Content/gltf/MaterialInstances_MR/MI_Transmission_TS.uexp" 653
"../../../Engine/Plugins/Interchange/Runtime/Content/gltf/MaterialInstances_MR/MI_Transmission.uasset" 654
"../../../Engine/Plugins/Interchange/Runtime/Content/gltf/MaterialInstances_MR/MI_Transmission.uexp" 655
"../../../Engine/Plugins/Interchange/Runtime/Content/gltf/MaterialInstances_MR/MI_Translucent_TS.uasset" 656
"../../../Engine/Plugins/Interchange/Runtime/Content/gltf/MaterialInstances_MR/MI_Translucent_TS.uexp" 657
"../../../Engine/Plugins/Interchange/Runtime/Content/gltf/MaterialInstances_MR/MI_Translucent_ClearCoat_TS.uasset" 658
"../../../Engine/Plugins/Interchange/Runtime/Content/gltf/MaterialInstances_MR/MI_Translucent_ClearCoat_TS.uexp" 659
"../../../Engine/Plugins/Interchange/Runtime/Content/gltf/MaterialInstances_MR/MI_Translucent_ClearCoat.uasset" 660
"../../../Engine/Plugins/Interchange/Runtime/Content/gltf/MaterialInstances_MR/MI_Translucent_ClearCoat.uexp" 661
"../../../Engine/Plugins/Interchange/Runtime/Content/gltf/MaterialInstances_MR/MI_Translucent.uasset" 662
"../../../Engine/Plugins/Interchange/Runtime/Content/gltf/MaterialInstances_MR/MI_Translucent.uexp" 663
"../../../Engine/Plugins/Interchange/Runtime/Content/gltf/M_Unlit.uasset" 664
"../../../Engine/Plugins/Interchange/Runtime/Content/gltf/M_Unlit.uexp" 665
"../../../Engine/Plugins/Interchange/Runtime/Content/gltf/MaterialInstances_MR/MI_Opaque_Unlit_TS.uasset" 666
"../../../Engine/Plugins/Interchange/Runtime/Content/gltf/MaterialInstances_MR/MI_Opaque_Unlit_TS.uexp" 667
"../../../Engine/Plugins/Interchange/Runtime/Content/gltf/MaterialInstances_MR/MI_Opaque_Unlit.uasset" 668
"../../../Engine/Plugins/Interchange/Runtime/Content/gltf/MaterialInstances_MR/MI_Opaque_Unlit.uexp" 669
"../../../Engine/Plugins/Interchange/Runtime/Content/gltf/MaterialInstances_MR/MI_Opaque_TS.uasset" 670
"../../../Engine/Plugins/Interchange/Runtime/Content/gltf/MaterialInstances_MR/MI_Opaque_TS.uexp" 671
"../../../Engine/Plugins/Interchange/Runtime/Content/gltf/MaterialInstances_MR/MI_Opaque_Sheen_TS.uasset" 672
"../../../Engine/Plugins/Interchange/Runtime/Content/gltf/MaterialInstances_MR/MI_Opaque_Sheen_TS.uexp" 673
"../../../Engine/Plugins/Interchange/Runtime/Content/gltf/MaterialInstances_MR/MI_Opaque_Sheen.uasset" 674
"../../../Engine/Plugins/Interchange/Runtime/Content/gltf/MaterialInstances_MR/MI_Opaque_Sheen.uexp" 675
"../../../Engine/Plugins/Interchange/Runtime/Content/gltf/MaterialInstances_MR/MI_Opaque_ClearCoat_TS.uasset" 676
"../../../Engine/Plugins/Interchange/Runtime/Content/gltf/MaterialInstances_MR/MI_Opaque_ClearCoat_TS.uexp" 677
"../../../Engine/Plugins/Interchange/Runtime/Content/gltf/MaterialInstances_MR/MI_Opaque_ClearCoat.uasset" 678
"../../../Engine/Plugins/Interchange/Runtime/Content/gltf/MaterialInstances_MR/MI_Opaque_ClearCoat.uexp" 679
"../../../Engine/Plugins/Interchange/Runtime/Content/gltf/MaterialInstances_MR/MI_Opaque.uasset" 680
"../../../Engine/Plugins/Interchange/Runtime/Content/gltf/MaterialInstances_MR/MI_Opaque.uexp" 681
"../../../Engine/Plugins/Interchange/Runtime/Content/Materials/UnlitMaterial.uasset" 682
"../../../Engine/Plugins/Interchange/Runtime/Content/Materials/UnlitMaterial.uexp" 683
"../../../Engine/Content/EngineMaterials/DefaultNormal.ubulk" 684
"../../../Engine/Content/EngineMaterials/DefaultNormal.uasset" 685
"../../../Engine/Content/EngineMaterials/DefaultNormal.uexp" 686
"../../../Engine/Plugins/Interchange/Runtime/Content/Materials/MapOrScalarFunction.uasset" 687
"../../../Engine/Plugins/Interchange/Runtime/Content/Materials/MapOrScalarFunction.uexp" 688
"../../../Engine/Plugins/Interchange/Runtime/Content/Materials/MapOrLinearColorFunction.uasset" 689
"../../../Engine/Plugins/Interchange/Runtime/Content/Materials/MapOrLinearColorFunction.uexp" 690
"../../../Engine/Plugins/Interchange/Runtime/Content/Materials/MapOrColorFunction.uasset" 691
"../../../Engine/Plugins/Interchange/Runtime/Content/Materials/MapOrColorFunction.uexp" 692
"../../../Engine/Plugins/Interchange/Runtime/Content/Materials/CommonMaterial.uasset" 693
"../../../Engine/Plugins/Interchange/Runtime/Content/Materials/CommonMaterial.uexp" 694
"../../../Engine/Plugins/Interchange/Runtime/Content/Materials/PBRSurfaceFunction.uasset" 695
"../../../Engine/Plugins/Interchange/Runtime/Content/Materials/PBRSurfaceFunction.uexp" 696
"../../../Engine/Plugins/Interchange/Runtime/Content/Materials/ThinTranslucentMaterial.uasset" 697
"../../../Engine/Plugins/Interchange/Runtime/Content/Materials/ThinTranslucentMaterial.uexp" 698
"../../../Engine/Plugins/Interchange/Runtime/Content/Materials/SubsurfaceMaterial.uasset" 699
"../../../Engine/Plugins/Interchange/Runtime/Content/Materials/SubsurfaceMaterial.uexp" 700
"../../../Engine/Plugins/Interchange/Runtime/Content/Materials/SheenMaterial.uasset" 701
"../../../Engine/Plugins/Interchange/Runtime/Content/Materials/SheenMaterial.uexp" 702
"../../../Engine/Content/Functions/Engine_MaterialFunctions01/Shading/ConvertFromDiffSpec.uasset" 703
"../../../Engine/Content/Functions/Engine_MaterialFunctions01/Shading/ConvertFromDiffSpec.uexp" 704
"../../../Engine/Plugins/Interchange/Runtime/Content/Materials/PhongSurfaceMaterial.uasset" 705
"../../../Engine/Plugins/Interchange/Runtime/Content/Materials/PhongSurfaceMaterial.uexp" 706
"../../../Engine/Plugins/Interchange/Runtime/Content/Materials/PBRSurfaceMaterial.uasset" 707
"../../../Engine/Plugins/Interchange/Runtime/Content/Materials/PBRSurfaceMaterial.uexp" 708
"../../../Engine/Content/EngineMaterials/FlatNormal.uasset" 709
"../../../Engine/Content/EngineMaterials/FlatNormal.uexp" 710
"../../../Engine/Content/EditorLandscapeResources/WhiteSquareTexture.uasset" 711
"../../../Engine/Content/EditorLandscapeResources/WhiteSquareTexture.uexp" 712
"../../../Engine/Plugins/Interchange/Runtime/Content/Materials/OrenNayerMaterial.uasset" 713
"../../../Engine/Plugins/Interchange/Runtime/Content/Materials/OrenNayerMaterial.uexp" 714
"../../../Engine/Plugins/Interchange/Runtime/Content/Materials/LambertSurfaceMaterial.uasset" 715
"../../../Engine/Plugins/Interchange/Runtime/Content/Materials/LambertSurfaceMaterial.uexp" 716
"../../../Engine/Plugins/Interchange/Runtime/Content/Materials/ClearCoatMaterial.uasset" 717
"../../../Engine/Plugins/Interchange/Runtime/Content/Materials/ClearCoatMaterial.uexp" 718
"../../../Engine/Plugins/Interchange/Runtime/Content/gltf/Textures/T_Gray_Linear.uasset" 719
"../../../Engine/Plugins/Interchange/Runtime/Content/gltf/Textures/T_Gray_Linear.uexp" 720
"../../../Engine/Plugins/Interchange/Runtime/Content/gltf/Textures/T_Black_srgb.uasset" 721
"../../../Engine/Plugins/Interchange/Runtime/Content/gltf/Textures/T_Black_srgb.uexp" 722
"../../../Engine/Plugins/Interchange/Runtime/Content/Pipelines/DefaultTexturePipeline.uasset" 723
"../../../Engine/Plugins/Interchange/Runtime/Content/Pipelines/DefaultTexturePipeline.uexp" 724
"../../../Engine/Plugins/Interchange/Runtime/Content/Pipelines/DefaultSceneLevelPipeline.uasset" 725
"../../../Engine/Plugins/Interchange/Runtime/Content/Pipelines/DefaultSceneLevelPipeline.uexp" 726
"../../../Engine/Plugins/Interchange/Runtime/Content/Pipelines/DefaultSceneAssetsPipeline.uasset" 727
"../../../Engine/Plugins/Interchange/Runtime/Content/Pipelines/DefaultSceneAssetsPipeline.uexp" 728
"../../../Engine/Plugins/Interchange/Runtime/Content/Pipelines/DefaultMaterialPipeline.uasset" 729
"../../../Engine/Plugins/Interchange/Runtime/Content/Pipelines/DefaultMaterialPipeline.uexp" 730
"../../../Engine/Plugins/Interchange/Runtime/Content/Pipelines/DefaultAssetsPipeline.uasset" 731
"../../../Engine/Plugins/Interchange/Runtime/Content/Pipelines/DefaultAssetsPipeline.uexp" 732
"../../../Engine/Plugins/Runtime/MeshModelingToolset/Content/Materials/M_DynamicMeshComponentVtxColor.uasset" 733
"../../../Engine/Plugins/Runtime/MeshModelingToolset/Content/Materials/M_DynamicMeshComponentVtxColor.uexp" 734
"C:/Users/12105169/source/GitHub/GameGrandPrize5.1/Content/Characters/Mannequins/Meshes/SK_Mannequin.uasset" 735
"C:/Users/12105169/source/GitHub/GameGrandPrize5.1/Content/Characters/Mannequins/Meshes/SK_Mannequin.uexp" 736
"C:/Users/12105169/source/GitHub/GameGrandPrize5.1/Content/Characters/Mannequins/Textures/Quinn/T_Quinn_02ID_MSR_MSK.ubulk" 737
"C:/Users/12105169/source/GitHub/GameGrandPrize5.1/Content/Characters/Mannequins/Textures/Quinn/T_Quinn_02ID_MSR_MSK.uasset" 738
"C:/Users/12105169/source/GitHub/GameGrandPrize5.1/Content/Characters/Mannequins/Textures/Quinn/T_Quinn_02ID_MSR_MSK.uexp" 739
"C:/Users/12105169/source/GitHub/GameGrandPrize5.1/Content/Characters/Mannequins/Textures/Quinn/T_Quinn_02ID_BN.ubulk" 740
"C:/Users/12105169/source/GitHub/GameGrandPrize5.1/Content/Characters/Mannequins/Textures/Quinn/T_Quinn_02ID_BN.uasset" 741
"C:/Users/12105169/source/GitHub/GameGrandPrize5.1/Content/Characters/Mannequins/Textures/Quinn/T_Quinn_02ID_BN.uexp" 742
"C:/Users/12105169/source/GitHub/GameGrandPrize5.1/Content/Characters/Mannequins/Textures/Quinn/T_Quinn_02_ASAOMASK_MSK.ubulk" 743
"C:/Users/12105169/source/GitHub/GameGrandPrize5.1/Content/Characters/Mannequins/Textures/Quinn/T_Quinn_02_ASAOMASK_MSK.uasset" 744
"C:/Users/12105169/source/GitHub/GameGrandPrize5.1/Content/Characters/Mannequins/Textures/Quinn/T_Quinn_02_ASAOMASK_MSK.uexp" 745
"C:/Users/12105169/source/GitHub/GameGrandPrize5.1/Content/Characters/Mannequins/Textures/Quinn/T_Quinn_02_CCRCCPlastic_MSK.ubulk" 746
"C:/Users/12105169/source/GitHub/GameGrandPrize5.1/Content/Characters/Mannequins/Textures/Quinn/T_Quinn_02_CCRCCPlastic_MSK.uasset" 747
"C:/Users/12105169/source/GitHub/GameGrandPrize5.1/Content/Characters/Mannequins/Textures/Quinn/T_Quinn_02_CCRCCPlastic_MSK.uexp" 748
"C:/Users/12105169/source/GitHub/GameGrandPrize5.1/Content/Characters/Mannequins/Textures/Quinn/T_Quinn_02ID_Tan.ubulk" 749
"C:/Users/12105169/source/GitHub/GameGrandPrize5.1/Content/Characters/Mannequins/Textures/Quinn/T_Quinn_02ID_Tan.uasset" 750
"C:/Users/12105169/source/GitHub/GameGrandPrize5.1/Content/Characters/Mannequins/Textures/Quinn/T_Quinn_02ID_Tan.uexp" 751
"C:/Users/12105169/source/GitHub/GameGrandPrize5.1/Content/Characters/Mannequins/Textures/Quinn/T_Quinn_02ID_D.ubulk" 752
"C:/Users/12105169/source/GitHub/GameGrandPrize5.1/Content/Characters/Mannequins/Textures/Quinn/T_Quinn_02ID_D.uasset" 753
"C:/Users/12105169/source/GitHub/GameGrandPrize5.1/Content/Characters/Mannequins/Textures/Quinn/T_Quinn_02ID_D.uexp" 754
"C:/Users/12105169/source/GitHub/GameGrandPrize5.1/Content/Characters/Mannequins/Textures/Quinn/T_Quinn_01ID_MSR_MSK.ubulk" 755
"C:/Users/12105169/source/GitHub/GameGrandPrize5.1/Content/Characters/Mannequins/Textures/Quinn/T_Quinn_01ID_MSR_MSK.uasset" 756
"C:/Users/12105169/source/GitHub/GameGrandPrize5.1/Content/Characters/Mannequins/Textures/Quinn/T_Quinn_01ID_MSR_MSK.uexp" 757
"C:/Users/12105169/source/GitHub/GameGrandPrize5.1/Content/Characters/Mannequins/Materials/Functions/ChromaticCurve.uasset" 758
"C:/Users/12105169/source/GitHub/GameGrandPrize5.1/Content/Characters/Mannequins/Materials/Functions/ChromaticCurve.uexp" 759
"C:/Users/12105169/source/GitHub/GameGrandPrize5.1/Content/Characters/Mannequins/Materials/Functions/CA_Mannequin.uasset" 760
"C:/Users/12105169/source/GitHub/GameGrandPrize5.1/Content/Characters/Mannequins/Materials/Functions/CA_Mannequin.uexp" 761
"C:/Users/12105169/source/GitHub/GameGrandPrize5.1/Content/Characters/Mannequins/Materials/Functions/MF_Diffraction.uasset" 762
"C:/Users/12105169/source/GitHub/GameGrandPrize5.1/Content/Characters/Mannequins/Materials/Functions/MF_Diffraction.uexp" 763
"C:/Users/12105169/source/GitHub/GameGrandPrize5.1/Content/Characters/Mannequins/Textures/Manny/T_Manny_01_N.ubulk" 764
"C:/Users/12105169/source/GitHub/GameGrandPrize5.1/Content/Characters/Mannequins/Textures/Manny/T_Manny_01_N.uasset" 765
"C:/Users/12105169/source/GitHub/GameGrandPrize5.1/Content/Characters/Mannequins/Textures/Manny/T_Manny_01_N.uexp" 766
"C:/Users/12105169/source/GitHub/GameGrandPrize5.1/Content/Characters/Mannequins/Materials/Functions/ML_BaseColorFallOff.uasset" 767
"C:/Users/12105169/source/GitHub/GameGrandPrize5.1/Content/Characters/Mannequins/Materials/Functions/ML_BaseColorFallOff.uexp" 768
"../../../Engine/Content/Functions/Engine_MaterialFunctions01/Texturing/ScaleUVsByCenter.uasset" 769
"../../../Engine/Content/Functions/Engine_MaterialFunctions01/Texturing/ScaleUVsByCenter.uexp" 770
"C:/Users/12105169/source/GitHub/GameGrandPrize5.1/Content/Characters/Mannequins/Textures/Shared/T_UE_Logo_M.uasset" 771
"C:/Users/12105169/source/GitHub/GameGrandPrize5.1/Content/Characters/Mannequins/Textures/Shared/T_UE_Logo_M.uexp" 772
"C:/Users/12105169/source/GitHub/GameGrandPrize5.1/Content/Characters/Mannequins/Materials/Functions/MF_logo3layers.uasset" 773
"C:/Users/12105169/source/GitHub/GameGrandPrize5.1/Content/Characters/Mannequins/Materials/Functions/MF_logo3layers.uexp" 774
"C:/Users/12105169/source/GitHub/GameGrandPrize5.1/Content/Characters/Mannequins/Textures/Manny/T_Manny_01_CCRCCPlastic_MSK.ubulk" 775
"C:/Users/12105169/source/GitHub/GameGrandPrize5.1/Content/Characters/Mannequins/Textures/Manny/T_Manny_01_CCRCCPlastic_MSK.uasset" 776
"C:/Users/12105169/source/GitHub/GameGrandPrize5.1/Content/Characters/Mannequins/Textures/Manny/T_Manny_01_CCRCCPlastic_MSK.uexp" 777
"C:/Users/12105169/source/GitHub/GameGrandPrize5.1/Content/Characters/Mannequins/Textures/Manny/T_Manny_01_ASAOPMASK_MSK.ubulk" 778
"C:/Users/12105169/source/GitHub/GameGrandPrize5.1/Content/Characters/Mannequins/Textures/Manny/T_Manny_01_ASAOPMASK_MSK.uasset" 779
"C:/Users/12105169/source/GitHub/GameGrandPrize5.1/Content/Characters/Mannequins/Textures/Manny/T_Manny_01_ASAOPMASK_MSK.uexp" 780
"C:/Users/12105169/source/GitHub/GameGrandPrize5.1/Content/Characters/Mannequins/Textures/Manny/T_Manny_01_MSR_MSK.ubulk" 781
"C:/Users/12105169/source/GitHub/GameGrandPrize5.1/Content/Characters/Mannequins/Textures/Manny/T_Manny_01_MSR_MSK.uasset" 782
"C:/Users/12105169/source/GitHub/GameGrandPrize5.1/Content/Characters/Mannequins/Textures/Manny/T_Manny_01_MSR_MSK.uexp" 783
"C:/Users/12105169/source/GitHub/GameGrandPrize5.1/Content/Characters/Mannequins/Textures/Manny/T_Manny_01_BN.ubulk" 784
"C:/Users/12105169/source/GitHub/GameGrandPrize5.1/Content/Characters/Mannequins/Textures/Manny/T_Manny_01_BN.uasset" 785
"C:/Users/12105169/source/GitHub/GameGrandPrize5.1/Content/Characters/Mannequins/Textures/Manny/T_Manny_01_BN.uexp" 786
"C:/Users/12105169/source/GitHub/GameGrandPrize5.1/Content/Characters/Mannequins/Textures/Manny/T_Manny_01_D.ubulk" 787
"C:/Users/12105169/source/GitHub/GameGrandPrize5.1/Content/Characters/Mannequins/Textures/Manny/T_Manny_01_D.uasset" 788
"C:/Users/12105169/source/GitHub/GameGrandPrize5.1/Content/Characters/Mannequins/Textures/Manny/T_Manny_01_D.uexp" 789
"C:/Users/12105169/source/GitHub/GameGrandPrize5.1/Content/Characters/Mannequins/Textures/Manny/T_Manny_01_Tan.ubulk" 790
"C:/Users/12105169/source/GitHub/GameGrandPrize5.1/Content/Characters/Mannequins/Textures/Manny/T_Manny_01_Tan.uasset" 791
"C:/Users/12105169/source/GitHub/GameGrandPrize5.1/Content/Characters/Mannequins/Textures/Manny/T_Manny_01_Tan.uexp" 792
"C:/Users/12105169/source/GitHub/GameGrandPrize5.1/Content/Characters/Mannequins/Materials/M_Mannequin.uasset" 793
"C:/Users/12105169/source/GitHub/GameGrandPrize5.1/Content/Characters/Mannequins/Materials/M_Mannequin.uexp" 794
"C:/Users/12105169/source/GitHub/GameGrandPrize5.1/Content/Characters/Mannequins/Textures/Quinn/T_Quinn_01_ASAOMASK_MSK.ubulk" 795
"C:/Users/12105169/source/GitHub/GameGrandPrize5.1/Content/Characters/Mannequins/Textures/Quinn/T_Quinn_01_ASAOMASK_MSK.uasset" 796
"C:/Users/12105169/source/GitHub/GameGrandPrize5.1/Content/Characters/Mannequins/Textures/Quinn/T_Quinn_01_ASAOMASK_MSK.uexp" 797
"C:/Users/12105169/source/GitHub/GameGrandPrize5.1/Content/Characters/Mannequins/Textures/Quinn/T_Quinn_01ID_N.ubulk" 798
"C:/Users/12105169/source/GitHub/GameGrandPrize5.1/Content/Characters/Mannequins/Textures/Quinn/T_Quinn_01ID_N.uasset" 799
"C:/Users/12105169/source/GitHub/GameGrandPrize5.1/Content/Characters/Mannequins/Textures/Quinn/T_Quinn_01ID_N.uexp" 800
"C:/Users/12105169/source/GitHub/GameGrandPrize5.1/Content/Characters/Mannequins/Textures/Quinn/T_Quinn_01ID_BN.ubulk" 801
"C:/Users/12105169/source/GitHub/GameGrandPrize5.1/Content/Characters/Mannequins/Textures/Quinn/T_Quinn_01ID_BN.uasset" 802
"C:/Users/12105169/source/GitHub/GameGrandPrize5.1/Content/Characters/Mannequins/Textures/Quinn/T_Quinn_01ID_BN.uexp" 803
"C:/Users/12105169/source/GitHub/GameGrandPrize5.1/Content/Characters/Mannequins/Textures/Quinn/T_Quinn_01ID_D.ubulk" 804
"C:/Users/12105169/source/GitHub/GameGrandPrize5.1/Content/Characters/Mannequins/Textures/Quinn/T_Quinn_01ID_D.uasset" 805
"C:/Users/12105169/source/GitHub/GameGrandPrize5.1/Content/Characters/Mannequins/Textures/Quinn/T_Quinn_01ID_D.uexp" 806
"C:/Users/12105169/source/GitHub/GameGrandPrize5.1/Content/Characters/Mannequins/Textures/Quinn/T_Quinn_01ID_Tan.ubulk" 807
"C:/Users/12105169/source/GitHub/GameGrandPrize5.1/Content/Characters/Mannequins/Textures/Quinn/T_Quinn_01ID_Tan.uasset" 808
"C:/Users/12105169/source/GitHub/GameGrandPrize5.1/Content/Characters/Mannequins/Textures/Quinn/T_Quinn_01ID_Tan.uexp" 809
"C:/Users/12105169/source/GitHub/GameGrandPrize5.1/Content/Characters/Mannequins/Textures/Quinn/T_Quinn_01_CCRCCPlastic_MSK.ubulk" 810
"C:/Users/12105169/source/GitHub/GameGrandPrize5.1/Content/Characters/Mannequins/Textures/Quinn/T_Quinn_01_CCRCCPlastic_MSK.uasset" 811
"C:/Users/12105169/source/GitHub/GameGrandPrize5.1/Content/Characters/Mannequins/Textures/Quinn/T_Quinn_01_CCRCCPlastic_MSK.uexp" 812
"C:/Users/12105169/source/GitHub/GameGrandPrize5.1/Content/Characters/Mannequins/Materials/Instances/Quinn/MI_Quinn_01.uasset" 813
"C:/Users/12105169/source/GitHub/GameGrandPrize5.1/Content/Characters/Mannequins/Materials/Instances/Quinn/MI_Quinn_01.uexp" 814
"C:/Users/12105169/source/GitHub/GameGrandPrize5.1/Content/Characters/Mannequins/Textures/Quinn/T_Quinn_02ID_N.ubulk" 815
"C:/Users/12105169/source/GitHub/GameGrandPrize5.1/Content/Characters/Mannequins/Textures/Quinn/T_Quinn_02ID_N.uasset" 816
"C:/Users/12105169/source/GitHub/GameGrandPrize5.1/Content/Characters/Mannequins/Textures/Quinn/T_Quinn_02ID_N.uexp" 817
"C:/Users/12105169/source/GitHub/GameGrandPrize5.1/Content/Characters/Mannequins/Materials/Instances/Quinn/MI_Quinn_02.uasset" 818
"C:/Users/12105169/source/GitHub/GameGrandPrize5.1/Content/Characters/Mannequins/Materials/Instances/Quinn/MI_Quinn_02.uexp" 819
"C:/Users/12105169/source/GitHub/GameGrandPrize5.1/Content/Characters/Mannequins/Rigs/PA_Mannequin.uasset" 820
"C:/Users/12105169/source/GitHub/GameGrandPrize5.1/Content/Characters/Mannequins/Rigs/PA_Mannequin.uexp" 821
"C:/Users/12105169/source/GitHub/GameGrandPrize5.1/Content/Characters/Mannequins/Meshes/SKM_Quinn_Simple.uasset" 822
"C:/Users/12105169/source/GitHub/GameGrandPrize5.1/Content/Characters/Mannequins/Meshes/SKM_Quinn_Simple.uexp" 823
"C:/Users/12105169/source/GitHub/GameGrandPrize5.1/Content/ThirdPerson/Input/Actions/IA_Jump.uasset" 824
"C:/Users/12105169/source/GitHub/GameGrandPrize5.1/Content/ThirdPerson/Input/Actions/IA_Jump.uexp" 825
"C:/Users/12105169/source/GitHub/GameGrandPrize5.1/Content/ThirdPerson/Input/Actions/IA_Look.uasset" 826
"C:/Users/12105169/source/GitHub/GameGrandPrize5.1/Content/ThirdPerson/Input/Actions/IA_Look.uexp" 827
"C:/Users/12105169/source/GitHub/GameGrandPrize5.1/Content/ThirdPerson/Input/Actions/IA_Move.uasset" 828
"C:/Users/12105169/source/GitHub/GameGrandPrize5.1/Content/ThirdPerson/Input/Actions/IA_Move.uexp" 829
"C:/Users/12105169/source/GitHub/GameGrandPrize5.1/Content/ThirdPerson/Input/IMC_Default.uasset" 830
"C:/Users/12105169/source/GitHub/GameGrandPrize5.1/Content/ThirdPerson/Input/IMC_Default.uexp" 831
"../../../Engine/Content/EditorBlueprintResources/StandardMacros.uasset" 832
"../../../Engine/Content/EditorBlueprintResources/StandardMacros.uexp" 833
"C:/Users/12105169/source/GitHub/GameGrandPrize5.1/Content/Higa/skelton_shadow/sk_shadow_Skeleton.uasset" 834
"C:/Users/12105169/source/GitHub/GameGrandPrize5.1/Content/Higa/skelton_shadow/sk_shadow_Skeleton.uexp" 835
"C:/Users/12105169/source/GitHub/GameGrandPrize5.1/Content/Higa/skelton_shadow/sk_shadow_PhysicsAsset.uasset" 836
"C:/Users/12105169/source/GitHub/GameGrandPrize5.1/Content/Higa/skelton_shadow/sk_shadow_PhysicsAsset.uexp" 837
"C:/Users/12105169/source/GitHub/GameGrandPrize5.1/Content/Higa/shadowcolor.uasset" 838
"C:/Users/12105169/source/GitHub/GameGrandPrize5.1/Content/Higa/shadowcolor.uexp" 839
"C:/Users/12105169/source/GitHub/GameGrandPrize5.1/Content/Higa/skelton_shadow/sk_shadow.uasset" 840
"C:/Users/12105169/source/GitHub/GameGrandPrize5.1/Content/Higa/skelton_shadow/sk_shadow.uexp" 841
"C:/Users/12105169/source/GitHub/GameGrandPrize5.1/Content/Higa/Shadow.uasset" 842
"C:/Users/12105169/source/GitHub/GameGrandPrize5.1/Content/Higa/Shadow.uexp" 843
"C:/Users/12105169/source/GitHub/GameGrandPrize5.1/Content/Oyadomari/my_directionalLight.uasset" 844
"C:/Users/12105169/source/GitHub/GameGrandPrize5.1/Content/Oyadomari/my_directionalLight.uexp" 845
"../../../Engine/Content/Animation/DefaultAnimCurveCompressionSettings.uasset" 846
"../../../Engine/Content/Animation/DefaultAnimCurveCompressionSettings.uexp" 847
"../../../Engine/Content/Animation/DefaultAnimBoneCompressionSettings.uasset" 848
"../../../Engine/Content/Animation/DefaultAnimBoneCompressionSettings.uexp" 849
"C:/Users/12105169/source/GitHub/GameGrandPrize5.1/Content/Characters/Mannequins/Animations/Quinn/MF_Run_Fwd.uasset" 850
"C:/Users/12105169/source/GitHub/GameGrandPrize5.1/Content/Characters/Mannequins/Animations/Quinn/MF_Run_Fwd.uexp" 851
"C:/Users/12105169/source/GitHub/GameGrandPrize5.1/Content/Characters/Mannequins/Animations/Quinn/MF_Walk_Fwd.uasset" 852
"C:/Users/12105169/source/GitHub/GameGrandPrize5.1/Content/Characters/Mannequins/Animations/Quinn/MF_Walk_Fwd.uexp" 853
"../../../Engine/Content/Animation/DefaultRecorderBoneCompression.uasset" 854
"../../../Engine/Content/Animation/DefaultRecorderBoneCompression.uexp" 855
"C:/Users/12105169/source/GitHub/GameGrandPrize5.1/Content/Characters/Mannequins/Animations/Manny/MM_Walk_InPlace.uasset" 856
"C:/Users/12105169/source/GitHub/GameGrandPrize5.1/Content/Characters/Mannequins/Animations/Manny/MM_Walk_InPlace.uexp" 857
"C:/Users/12105169/source/GitHub/GameGrandPrize5.1/Content/Characters/Mannequins/Animations/Quinn/BS_MF_Unarmed_WalkRun.uasset" 858
"C:/Users/12105169/source/GitHub/GameGrandPrize5.1/Content/Characters/Mannequins/Animations/Quinn/BS_MF_Unarmed_WalkRun.uexp" 859
"C:/Users/12105169/source/GitHub/GameGrandPrize5.1/Content/Characters/Mannequins/Animations/Quinn/MF_Idle.uasset" 860
"C:/Users/12105169/source/GitHub/GameGrandPrize5.1/Content/Characters/Mannequins/Animations/Quinn/MF_Idle.uexp" 861
"C:/Users/12105169/source/GitHub/GameGrandPrize5.1/Content/Characters/Mannequins/Animations/Manny/MM_Fall_Loop.uasset" 862
"C:/Users/12105169/source/GitHub/GameGrandPrize5.1/Content/Characters/Mannequins/Animations/Manny/MM_Fall_Loop.uexp" 863
"C:/Users/12105169/source/GitHub/GameGrandPrize5.1/Content/Characters/Mannequins/Animations/Manny/MM_Jump.uasset" 864
"C:/Users/12105169/source/GitHub/GameGrandPrize5.1/Content/Characters/Mannequins/Animations/Manny/MM_Jump.uexp" 865
"../../../Engine/Plugins/Animation/ControlRig/Content/Controls/DefaultGizmoLibrary.uasset" 866
"../../../Engine/Plugins/Animation/ControlRig/Content/Controls/DefaultGizmoLibrary.uexp" 867
"C:/Users/12105169/source/GitHub/GameGrandPrize5.1/Content/Characters/Mannequins/Rigs/CR_Mannequin_BasicFootIK.uasset" 868
"C:/Users/12105169/source/GitHub/GameGrandPrize5.1/Content/Characters/Mannequins/Rigs/CR_Mannequin_BasicFootIK.uexp" 869
"C:/Users/12105169/source/GitHub/GameGrandPrize5.1/Content/Characters/Mannequins/Animations/Manny/MM_Run_Fwd.uasset" 870
"C:/Users/12105169/source/GitHub/GameGrandPrize5.1/Content/Characters/Mannequins/Animations/Manny/MM_Run_Fwd.uexp" 871
"C:/Users/12105169/source/GitHub/GameGrandPrize5.1/Content/Characters/Mannequins/Animations/Manny/MM_Walk_Fwd.uasset" 872
"C:/Users/12105169/source/GitHub/GameGrandPrize5.1/Content/Characters/Mannequins/Animations/Manny/MM_Walk_Fwd.uexp" 873
"C:/Users/12105169/source/GitHub/GameGrandPrize5.1/Content/Characters/Mannequins/Animations/Manny/BS_MM_WalkRun.uasset" 874
"C:/Users/12105169/source/GitHub/GameGrandPrize5.1/Content/Characters/Mannequins/Animations/Manny/BS_MM_WalkRun.uexp" 875
"C:/Users/12105169/source/GitHub/GameGrandPrize5.1/Content/Characters/Mannequins/Animations/Manny/MM_Land.uasset" 876
"C:/Users/12105169/source/GitHub/GameGrandPrize5.1/Content/Characters/Mannequins/Animations/Manny/MM_Land.uexp" 877
"C:/Users/12105169/source/GitHub/GameGrandPrize5.1/Content/Characters/Mannequins/Animations/Manny/MM_Idle.uasset" 878
"C:/Users/12105169/source/GitHub/GameGrandPrize5.1/Content/Characters/Mannequins/Animations/Manny/MM_Idle.uexp" 879
"C:/Users/12105169/source/GitHub/GameGrandPrize5.1/Content/Characters/Mannequins/Animations/ABP_Manny.uasset" 880
"C:/Users/12105169/source/GitHub/GameGrandPrize5.1/Content/Characters/Mannequins/Animations/ABP_Manny.uexp" 881
"C:/Users/12105169/source/GitHub/GameGrandPrize5.1/Content/Characters/Mannequins/Animations/ABP_Quinn.uasset" 882
"C:/Users/12105169/source/GitHub/GameGrandPrize5.1/Content/Characters/Mannequins/Animations/ABP_Quinn.uexp" 883
"C:/Users/12105169/source/GitHub/GameGrandPrize5.1/Content/Higa/Player.uasset" 884
"C:/Users/12105169/source/GitHub/GameGrandPrize5.1/Content/Higa/Player.uexp" 885
"C:/Users/12105169/source/GitHub/GameGrandPrize5.1/Content/ThirdPerson/Blueprints/BP_ThirdPersonGameMode.uasset" 886
"C:/Users/12105169/source/GitHub/GameGrandPrize5.1/Content/ThirdPerson/Blueprints/BP_ThirdPersonGameMode.uexp" 887
"../../../Engine/Content/Maps/Entry_BuiltData.uasset" 888
"../../../Engine/Content/Maps/Entry_BuiltData.uexp" 889
"../../../Engine/Content/Maps/Entry.uexp" 890
"../../../Engine/Content/Maps/Entry.umap" 891
"../../../Engine/Content/BasicShapes/Cube.ubulk" 892
"../../../Engine/Content/BasicShapes/Cube.uasset" 893
"../../../Engine/Content/BasicShapes/Cube.uexp" 894
"C:/Users/12105169/source/GitHub/GameGrandPrize5.1/Content/LevelPrototyping/Textures/T_GridChecker_A.ubulk" 895
"C:/Users/12105169/source/GitHub/GameGrandPrize5.1/Content/LevelPrototyping/Textures/T_GridChecker_A.uasset" 896
"C:/Users/12105169/source/GitHub/GameGrandPrize5.1/Content/LevelPrototyping/Textures/T_GridChecker_A.uexp" 897
"../../../Engine/Content/Functions/Engine_MaterialFunctions01/Gradient/LinearGradient.uasset" 898
"../../../Engine/Content/Functions/Engine_MaterialFunctions01/Gradient/LinearGradient.uexp" 899
"../../../Engine/Content/Functions/Engine_MaterialFunctions01/ImageAdjustment/CheapContrast.uasset" 900
"../../../Engine/Content/Functions/Engine_MaterialFunctions01/ImageAdjustment/CheapContrast.uexp" 901
"C:/Users/12105169/source/GitHub/GameGrandPrize5.1/Content/LevelPrototyping/Materials/MF_ProcGrid.uasset" 902
"C:/Users/12105169/source/GitHub/GameGrandPrize5.1/Content/LevelPrototyping/Materials/MF_ProcGrid.uexp" 903
"C:/Users/12105169/source/GitHub/GameGrandPrize5.1/Content/LevelPrototyping/Materials/M_PrototypeGrid.uasset" 904
"C:/Users/12105169/source/GitHub/GameGrandPrize5.1/Content/LevelPrototyping/Materials/M_PrototypeGrid.uexp" 905
"C:/Users/12105169/source/GitHub/GameGrandPrize5.1/Content/LevelPrototyping/Materials/MI_PrototypeGrid_Gray.uasset" 906
"C:/Users/12105169/source/GitHub/GameGrandPrize5.1/Content/LevelPrototyping/Materials/MI_PrototypeGrid_Gray.uexp" 907
"C:/Users/12105169/source/GitHub/GameGrandPrize5.1/Content/LevelPrototyping/Meshes/SM_Cube.ubulk" 908
"C:/Users/12105169/source/GitHub/GameGrandPrize5.1/Content/LevelPrototyping/Meshes/SM_Cube.uasset" 909
"C:/Users/12105169/source/GitHub/GameGrandPrize5.1/Content/LevelPrototyping/Meshes/SM_Cube.uexp" 910
"C:/Users/12105169/source/GitHub/GameGrandPrize5.1/Content/StarterContent/Textures/T_Wood_Oak_N.ubulk" 911
"C:/Users/12105169/source/GitHub/GameGrandPrize5.1/Content/StarterContent/Textures/T_Wood_Oak_N.uasset" 912
"C:/Users/12105169/source/GitHub/GameGrandPrize5.1/Content/StarterContent/Textures/T_Wood_Oak_N.uexp" 913
"C:/Users/12105169/source/GitHub/GameGrandPrize5.1/Content/StarterContent/Textures/T_Wood_Oak_D.ubulk" 914
"C:/Users/12105169/source/GitHub/GameGrandPrize5.1/Content/StarterContent/Textures/T_Wood_Oak_D.uasset" 915
"C:/Users/12105169/source/GitHub/GameGrandPrize5.1/Content/StarterContent/Textures/T_Wood_Oak_D.uexp" 916
"C:/Users/12105169/source/GitHub/GameGrandPrize5.1/Content/StarterContent/Textures/T_MacroVariation.uasset" 917
"C:/Users/12105169/source/GitHub/GameGrandPrize5.1/Content/StarterContent/Textures/T_MacroVariation.uexp" 918
"C:/Users/12105169/source/GitHub/GameGrandPrize5.1/Content/StarterContent/Materials/M_Wood_Oak.uasset" 919
"C:/Users/12105169/source/GitHub/GameGrandPrize5.1/Content/StarterContent/Materials/M_Wood_Oak.uexp" 920
"C:/Users/12105169/source/GitHub/GameGrandPrize5.1/Content/StarterContent/Materials/M_Basic_Wall.uasset" 921
"C:/Users/12105169/source/GitHub/GameGrandPrize5.1/Content/StarterContent/Materials/M_Basic_Wall.uexp" 922
"C:/Users/12105169/source/GitHub/GameGrandPrize5.1/Content/StarterContent/Architecture/Wall_400x200.ubulk" 923
"C:/Users/12105169/source/GitHub/GameGrandPrize5.1/Content/StarterContent/Architecture/Wall_400x200.uasset" 924
"C:/Users/12105169/source/GitHub/GameGrandPrize5.1/Content/StarterContent/Architecture/Wall_400x200.uexp" 925
"../../../Engine/Content/BasicShapes/BasicShapeMaterial.uasset" 926
"../../../Engine/Content/BasicShapes/BasicShapeMaterial.uexp" 927
"C:/Users/12105169/source/GitHub/GameGrandPrize5.1/Content/Stage/StageBlock/StageSlideBoard.uasset" 928
"C:/Users/12105169/source/GitHub/GameGrandPrize5.1/Content/Stage/StageBlock/StageSlideBoard.uexp" 929
"C:/Users/12105169/source/GitHub/GameGrandPrize5.1/Content/Stage/StageSwitch/StageSlideSwitch_Y.uasset" 930
"C:/Users/12105169/source/GitHub/GameGrandPrize5.1/Content/Stage/StageSwitch/StageSlideSwitch_Y.uexp" 931
"C:/Users/12105169/source/GitHub/GameGrandPrize5.1/Content/StarterContent/Textures/T_Rock_Slate_D.ubulk" 932
"C:/Users/12105169/source/GitHub/GameGrandPrize5.1/Content/StarterContent/Textures/T_Rock_Slate_D.uasset" 933
"C:/Users/12105169/source/GitHub/GameGrandPrize5.1/Content/StarterContent/Textures/T_Rock_Slate_D.uexp" 934
"C:/Users/12105169/source/GitHub/GameGrandPrize5.1/Content/StarterContent/Textures/T_Rock_Slate_N.ubulk" 935
"C:/Users/12105169/source/GitHub/GameGrandPrize5.1/Content/StarterContent/Textures/T_Rock_Slate_N.uasset" 936
"C:/Users/12105169/source/GitHub/GameGrandPrize5.1/Content/StarterContent/Textures/T_Rock_Slate_N.uexp" 937
"C:/Users/12105169/source/GitHub/GameGrandPrize5.1/Content/StarterContent/Textures/T_Perlin_Noise_M.ubulk" 938
"C:/Users/12105169/source/GitHub/GameGrandPrize5.1/Content/StarterContent/Textures/T_Perlin_Noise_M.uasset" 939
"C:/Users/12105169/source/GitHub/GameGrandPrize5.1/Content/StarterContent/Textures/T_Perlin_Noise_M.uexp" 940
"C:/Users/12105169/source/GitHub/GameGrandPrize5.1/Content/StarterContent/Materials/M_Rock_Slate.uasset" 941
"C:/Users/12105169/source/GitHub/GameGrandPrize5.1/Content/StarterContent/Materials/M_Rock_Slate.uexp" 942
"C:/Users/12105169/source/GitHub/GameGrandPrize5.1/Content/LevelPrototyping/Meshes/SM_Cylinder.ubulk" 943
"C:/Users/12105169/source/GitHub/GameGrandPrize5.1/Content/LevelPrototyping/Meshes/SM_Cylinder.uasset" 944
"C:/Users/12105169/source/GitHub/GameGrandPrize5.1/Content/LevelPrototyping/Meshes/SM_Cylinder.uexp" 945
"C:/Users/12105169/source/GitHub/GameGrandPrize5.1/Content/Stage/StageSwitch/StageSpawnSwitch_multiple.uasset" 946
"C:/Users/12105169/source/GitHub/GameGrandPrize5.1/Content/Stage/StageSwitch/StageSpawnSwitch_multiple.uexp" 947
"../../../Engine/Content/EngineSky/T_Sky_Stars.ubulk" 948
"../../../Engine/Content/EngineSky/T_Sky_Stars.uasset" 949
"../../../Engine/Content/EngineSky/T_Sky_Stars.uexp" 950
"../../../Engine/Content/EngineSky/T_Sky_Clouds_M.ubulk" 951
"../../../Engine/Content/EngineSky/T_Sky_Clouds_M.uasset" 952
"../../../Engine/Content/EngineSky/T_Sky_Clouds_M.uexp" 953
"../../../Engine/Content/EngineSky/T_Sky_Blue.ubulk" 954
"../../../Engine/Content/EngineSky/T_Sky_Blue.uasset" 955
"../../../Engine/Content/EngineSky/T_Sky_Blue.uexp" 956
"../../../Engine/Content/EngineSky/M_Sky_Panning_Clouds2.uasset" 957
"../../../Engine/Content/EngineSky/M_Sky_Panning_Clouds2.uexp" 958
"../../../Engine/Content/EngineSky/SM_SkySphere.ubulk" 959
"../../../Engine/Content/EngineSky/SM_SkySphere.uasset" 960
"../../../Engine/Content/EngineSky/SM_SkySphere.uexp" 961
"../../../Engine/Content/MapTemplates/SM_Template_Map_Floor.ubulk" 962
"../../../Engine/Content/MapTemplates/SM_Template_Map_Floor.uasset" 963
"../../../Engine/Content/MapTemplates/SM_Template_Map_Floor.uexp" 964
"C:/Users/12105169/source/GitHub/GameGrandPrize5.1/Content/Suanakwa/TransitionGlass.uasset" 965
"C:/Users/12105169/source/GitHub/GameGrandPrize5.1/Content/Suanakwa/TransitionGlass.uexp" 966
"C:/Users/12105169/source/GitHub/GameGrandPrize5.1/Content/Suanakwa/GlassObject.uasset" 967
"C:/Users/12105169/source/GitHub/GameGrandPrize5.1/Content/Suanakwa/GlassObject.uexp" 968
"C:/Users/12105169/source/GitHub/GameGrandPrize5.1/Content/StarterContent/Materials/M_Basic_Floor.uasset" 969
"C:/Users/12105169/source/GitHub/GameGrandPrize5.1/Content/StarterContent/Materials/M_Basic_Floor.uexp" 970
"C:/Users/12105169/source/GitHub/GameGrandPrize5.1/Content/StarterContent/Textures/T_Metal_Gold_N.ubulk" 971
"C:/Users/12105169/source/GitHub/GameGrandPrize5.1/Content/StarterContent/Textures/T_Metal_Gold_N.uasset" 972
"C:/Users/12105169/source/GitHub/GameGrandPrize5.1/Content/StarterContent/Textures/T_Metal_Gold_N.uexp" 973
"C:/Users/12105169/source/GitHub/GameGrandPrize5.1/Content/StarterContent/Textures/T_Metal_Gold_D.ubulk" 974
"C:/Users/12105169/source/GitHub/GameGrandPrize5.1/Content/StarterContent/Textures/T_Metal_Gold_D.uasset" 975
"C:/Users/12105169/source/GitHub/GameGrandPrize5.1/Content/StarterContent/Textures/T_Metal_Gold_D.uexp" 976
"C:/Users/12105169/source/GitHub/GameGrandPrize5.1/Content/StarterContent/Materials/M_Metal_Gold.uasset" 977
"C:/Users/12105169/source/GitHub/GameGrandPrize5.1/Content/StarterContent/Materials/M_Metal_Gold.uexp" 978
"C:/Users/12105169/source/GitHub/GameGrandPrize5.1/Content/Stage/StageSwitch/StageSlideSwitch_Z.uasset" 979
"C:/Users/12105169/source/GitHub/GameGrandPrize5.1/Content/Stage/StageSwitch/StageSlideSwitch_Z.uexp" 980
"../../../Engine/Content/EngineSky/M_SimpleSkyDome.uasset" 981
"../../../Engine/Content/EngineSky/M_SimpleSkyDome.uexp" 982
"C:/Users/12105169/source/GitHub/GameGrandPrize5.1/Content/Stage/FirstStage.uexp" 983
"C:/Users/12105169/source/GitHub/GameGrandPrize5.1/Content/Stage/FirstStage.umap" 984
